2019-03-19 10:08:21.580  WARN 9616 --- [redisMessageListenerContainer-222] o.s.d.r.l.RedisMessageListenerContainer  : Execution of message listener failed, and no ErrorHandler has been set.

org.springframework.data.redis.serializer.SerializationException: Cannot deserialize; nested exception is org.springframework.core.serializer.support.SerializationFailedException: Failed to deserialize payload. Is the byte array a result of corresponding serialization for DefaultDeserializer?; nested exception is org.springframework.core.NestedIOException: Failed to deserialize object type; nested exception is java.lang.ClassNotFoundException: com.firesoon.sil.entity.User
	at org.springframework.data.redis.serializer.JdkSerializationRedisSerializer.deserialize(JdkSerializationRedisSerializer.java:84) ~[spring-data-redis-2.0.9.RELEASE.jar:2.0.9.RELEASE]
	at org.springframework.data.redis.core.AbstractOperations.deserializeHashValue(AbstractOperations.java:354) ~[spring-data-redis-2.0.9.RELEASE.jar:2.0.9.RELEASE]
	at org.springframework.data.redis.core.AbstractOperations.deserializeHashMap(AbstractOperations.java:298) ~[spring-data-redis-2.0.9.RELEASE.jar:2.0.9.RELEASE]
	at org.springframework.data.redis.core.DefaultHashOperations.entries(DefaultHashOperations.java:233) ~[spring-data-redis-2.0.9.RELEASE.jar:2.0.9.RELEASE]
	at org.springframework.data.redis.core.DefaultBoundHashOperations.entries(DefaultBoundHashOperations.java:172) ~[spring-data-redis-2.0.9.RELEASE.jar:2.0.9.RELEASE]
	at org.springframework.session.data.redis.RedisOperationsSessionRepository.getSession(RedisOperationsSessionRepository.java:429) ~[spring-session-data-redis-2.0.5.RELEASE.jar:2.0.5.RELEASE]
	at org.springframework.session.data.redis.RedisOperationsSessionRepository.onMessage(RedisOperationsSessionRepository.java:517) ~[spring-session-data-redis-2.0.5.RELEASE.jar:2.0.5.RELEASE]
	at org.springframework.data.redis.listener.RedisMessageListenerContainer.executeListener(RedisMessageListenerContainer.java:250) [spring-data-redis-2.0.9.RELEASE.jar:2.0.9.RELEASE]
	at org.springframework.data.redis.listener.RedisMessageListenerContainer.processMessage(RedisMessageListenerContainer.java:240) [spring-data-redis-2.0.9.RELEASE.jar:2.0.9.RELEASE]
	at org.springframework.data.redis.listener.RedisMessageListenerContainer.lambda$dispatchMessage$0(RedisMessageListenerContainer.java:986) [spring-data-redis-2.0.9.RELEASE.jar:2.0.9.RELEASE]
	at java.lang.Thread.run(Thread.java:745) ~[na:1.8.0_60]
Caused by: org.springframework.core.serializer.support.SerializationFailedException: Failed to deserialize payload. Is the byte array a result of corresponding serialization for DefaultDeserializer?; nested exception is org.springframework.core.NestedIOException: Failed to deserialize object type; nested exception is java.lang.ClassNotFoundException: com.firesoon.sil.entity.User
	at org.springframework.core.serializer.support.DeserializingConverter.convert(DeserializingConverter.java:78) ~[spring-core-5.0.8.RELEASE.jar:5.0.8.RELEASE]
	at org.springframework.core.serializer.support.DeserializingConverter.convert(DeserializingConverter.java:36) ~[spring-core-5.0.8.RELEASE.jar:5.0.8.RELEASE]
	at org.springframework.data.redis.serializer.JdkSerializationRedisSerializer.deserialize(JdkSerializationRedisSerializer.java:82) ~[spring-data-redis-2.0.9.RELEASE.jar:2.0.9.RELEASE]
	... 10 common frames omitted
Caused by: org.springframework.core.NestedIOException: Failed to deserialize object type; nested exception is java.lang.ClassNotFoundException: com.firesoon.sil.entity.User
	at org.springframework.core.serializer.DefaultDeserializer.deserialize(DefaultDeserializer.java:75) ~[spring-core-5.0.8.RELEASE.jar:5.0.8.RELEASE]
	at org.springframework.core.serializer.support.DeserializingConverter.convert(DeserializingConverter.java:73) ~[spring-core-5.0.8.RELEASE.jar:5.0.8.RELEASE]
	... 12 common frames omitted
Caused by: java.lang.ClassNotFoundException: com.firesoon.sil.entity.User
	at java.net.URLClassLoader.findClass(URLClassLoader.java:381) ~[na:1.8.0_60]
	at java.lang.ClassLoader.loadClass(ClassLoader.java:424) ~[na:1.8.0_60]
	at sun.misc.Launcher$AppClassLoader.loadClass(Launcher.java:331) ~[na:1.8.0_60]
	at java.lang.ClassLoader.loadClass(ClassLoader.java:357) ~[na:1.8.0_60]
	at org.springframework.util.ClassUtils.forName(ClassUtils.java:274) ~[spring-core-5.0.8.RELEASE.jar:5.0.8.RELEASE]
	at org.springframework.core.ConfigurableObjectInputStream.resolveClass(ConfigurableObjectInputStream.java:76) ~[spring-core-5.0.8.RELEASE.jar:5.0.8.RELEASE]
	at java.io.ObjectInputStream.readNonProxyDesc(ObjectInputStream.java:1613) ~[na:1.8.0_60]
	at java.io.ObjectInputStream.readClassDesc(ObjectInputStream.java:1518) ~[na:1.8.0_60]
	at java.io.ObjectInputStream.readOrdinaryObject(ObjectInputStream.java:1774) ~[na:1.8.0_60]
	at java.io.ObjectInputStream.readObject0(ObjectInputStream.java:1351) ~[na:1.8.0_60]
	at java.io.ObjectInputStream.readObject(ObjectInputStream.java:371) ~[na:1.8.0_60]
	at org.springframework.core.serializer.DefaultDeserializer.deserialize(DefaultDeserializer.java:72) ~[spring-core-5.0.8.RELEASE.jar:5.0.8.RELEASE]
	... 13 common frames omitted

2019-03-19 10:17:18.457  WARN 9616 --- [redisMessageListenerContainer-229] o.s.d.r.l.RedisMessageListenerContainer  : Execution of message listener failed, and no ErrorHandler has been set.

org.springframework.data.redis.serializer.SerializationException: Cannot deserialize; nested exception is org.springframework.core.serializer.support.SerializationFailedException: Failed to deserialize payload. Is the byte array a result of corresponding serialization for DefaultDeserializer?; nested exception is org.springframework.core.NestedIOException: Failed to deserialize object type; nested exception is java.lang.ClassNotFoundException: com.firesoon.sil.entity.User
	at org.springframework.data.redis.serializer.JdkSerializationRedisSerializer.deserialize(JdkSerializationRedisSerializer.java:84) ~[spring-data-redis-2.0.9.RELEASE.jar:2.0.9.RELEASE]
	at org.springframework.data.redis.core.AbstractOperations.deserializeHashValue(AbstractOperations.java:354) ~[spring-data-redis-2.0.9.RELEASE.jar:2.0.9.RELEASE]
	at org.springframework.data.redis.core.AbstractOperations.deserializeHashMap(AbstractOperations.java:298) ~[spring-data-redis-2.0.9.RELEASE.jar:2.0.9.RELEASE]
	at org.springframework.data.redis.core.DefaultHashOperations.entries(DefaultHashOperations.java:233) ~[spring-data-redis-2.0.9.RELEASE.jar:2.0.9.RELEASE]
	at org.springframework.data.redis.core.DefaultBoundHashOperations.entries(DefaultBoundHashOperations.java:172) ~[spring-data-redis-2.0.9.RELEASE.jar:2.0.9.RELEASE]
	at org.springframework.session.data.redis.RedisOperationsSessionRepository.getSession(RedisOperationsSessionRepository.java:429) ~[spring-session-data-redis-2.0.5.RELEASE.jar:2.0.5.RELEASE]
	at org.springframework.session.data.redis.RedisOperationsSessionRepository.onMessage(RedisOperationsSessionRepository.java:517) ~[spring-session-data-redis-2.0.5.RELEASE.jar:2.0.5.RELEASE]
	at org.springframework.data.redis.listener.RedisMessageListenerContainer.executeListener(RedisMessageListenerContainer.java:250) [spring-data-redis-2.0.9.RELEASE.jar:2.0.9.RELEASE]
	at org.springframework.data.redis.listener.RedisMessageListenerContainer.processMessage(RedisMessageListenerContainer.java:240) [spring-data-redis-2.0.9.RELEASE.jar:2.0.9.RELEASE]
	at org.springframework.data.redis.listener.RedisMessageListenerContainer.lambda$dispatchMessage$0(RedisMessageListenerContainer.java:986) [spring-data-redis-2.0.9.RELEASE.jar:2.0.9.RELEASE]
	at java.lang.Thread.run(Thread.java:745) ~[na:1.8.0_60]
Caused by: org.springframework.core.serializer.support.SerializationFailedException: Failed to deserialize payload. Is the byte array a result of corresponding serialization for DefaultDeserializer?; nested exception is org.springframework.core.NestedIOException: Failed to deserialize object type; nested exception is java.lang.ClassNotFoundException: com.firesoon.sil.entity.User
	at org.springframework.core.serializer.support.DeserializingConverter.convert(DeserializingConverter.java:78) ~[spring-core-5.0.8.RELEASE.jar:5.0.8.RELEASE]
	at org.springframework.core.serializer.support.DeserializingConverter.convert(DeserializingConverter.java:36) ~[spring-core-5.0.8.RELEASE.jar:5.0.8.RELEASE]
	at org.springframework.data.redis.serializer.JdkSerializationRedisSerializer.deserialize(JdkSerializationRedisSerializer.java:82) ~[spring-data-redis-2.0.9.RELEASE.jar:2.0.9.RELEASE]
	... 10 common frames omitted
Caused by: org.springframework.core.NestedIOException: Failed to deserialize object type; nested exception is java.lang.ClassNotFoundException: com.firesoon.sil.entity.User
	at org.springframework.core.serializer.DefaultDeserializer.deserialize(DefaultDeserializer.java:75) ~[spring-core-5.0.8.RELEASE.jar:5.0.8.RELEASE]
	at org.springframework.core.serializer.support.DeserializingConverter.convert(DeserializingConverter.java:73) ~[spring-core-5.0.8.RELEASE.jar:5.0.8.RELEASE]
	... 12 common frames omitted
Caused by: java.lang.ClassNotFoundException: com.firesoon.sil.entity.User
	at java.net.URLClassLoader.findClass(URLClassLoader.java:381) ~[na:1.8.0_60]
	at java.lang.ClassLoader.loadClass(ClassLoader.java:424) ~[na:1.8.0_60]
	at sun.misc.Launcher$AppClassLoader.loadClass(Launcher.java:331) ~[na:1.8.0_60]
	at java.lang.ClassLoader.loadClass(ClassLoader.java:357) ~[na:1.8.0_60]
	at org.springframework.util.ClassUtils.forName(ClassUtils.java:274) ~[spring-core-5.0.8.RELEASE.jar:5.0.8.RELEASE]
	at org.springframework.core.ConfigurableObjectInputStream.resolveClass(ConfigurableObjectInputStream.java:76) ~[spring-core-5.0.8.RELEASE.jar:5.0.8.RELEASE]
	at java.io.ObjectInputStream.readNonProxyDesc(ObjectInputStream.java:1613) ~[na:1.8.0_60]
	at java.io.ObjectInputStream.readClassDesc(ObjectInputStream.java:1518) ~[na:1.8.0_60]
	at java.io.ObjectInputStream.readOrdinaryObject(ObjectInputStream.java:1774) ~[na:1.8.0_60]
	at java.io.ObjectInputStream.readObject0(ObjectInputStream.java:1351) ~[na:1.8.0_60]
	at java.io.ObjectInputStream.readObject(ObjectInputStream.java:371) ~[na:1.8.0_60]
	at org.springframework.core.serializer.DefaultDeserializer.deserialize(DefaultDeserializer.java:72) ~[spring-core-5.0.8.RELEASE.jar:5.0.8.RELEASE]
	... 13 common frames omitted

2019-03-19 10:39:23.164  WARN 9616 --- [redisMessageListenerContainer-250] o.s.d.r.l.RedisMessageListenerContainer  : Execution of message listener failed, and no ErrorHandler has been set.

org.springframework.data.redis.serializer.SerializationException: Cannot deserialize; nested exception is org.springframework.core.serializer.support.SerializationFailedException: Failed to deserialize payload. Is the byte array a result of corresponding serialization for DefaultDeserializer?; nested exception is org.springframework.core.NestedIOException: Failed to deserialize object type; nested exception is java.lang.ClassNotFoundException: com.firesoon.drgs.dto.user.User
	at org.springframework.data.redis.serializer.JdkSerializationRedisSerializer.deserialize(JdkSerializationRedisSerializer.java:84) ~[spring-data-redis-2.0.9.RELEASE.jar:2.0.9.RELEASE]
	at org.springframework.data.redis.core.AbstractOperations.deserializeHashValue(AbstractOperations.java:354) ~[spring-data-redis-2.0.9.RELEASE.jar:2.0.9.RELEASE]
	at org.springframework.data.redis.core.AbstractOperations.deserializeHashMap(AbstractOperations.java:298) ~[spring-data-redis-2.0.9.RELEASE.jar:2.0.9.RELEASE]
	at org.springframework.data.redis.core.DefaultHashOperations.entries(DefaultHashOperations.java:233) ~[spring-data-redis-2.0.9.RELEASE.jar:2.0.9.RELEASE]
	at org.springframework.data.redis.core.DefaultBoundHashOperations.entries(DefaultBoundHashOperations.java:172) ~[spring-data-redis-2.0.9.RELEASE.jar:2.0.9.RELEASE]
	at org.springframework.session.data.redis.RedisOperationsSessionRepository.getSession(RedisOperationsSessionRepository.java:429) ~[spring-session-data-redis-2.0.5.RELEASE.jar:2.0.5.RELEASE]
	at org.springframework.session.data.redis.RedisOperationsSessionRepository.onMessage(RedisOperationsSessionRepository.java:517) ~[spring-session-data-redis-2.0.5.RELEASE.jar:2.0.5.RELEASE]
	at org.springframework.data.redis.listener.RedisMessageListenerContainer.executeListener(RedisMessageListenerContainer.java:250) [spring-data-redis-2.0.9.RELEASE.jar:2.0.9.RELEASE]
	at org.springframework.data.redis.listener.RedisMessageListenerContainer.processMessage(RedisMessageListenerContainer.java:240) [spring-data-redis-2.0.9.RELEASE.jar:2.0.9.RELEASE]
	at org.springframework.data.redis.listener.RedisMessageListenerContainer.lambda$dispatchMessage$0(RedisMessageListenerContainer.java:986) [spring-data-redis-2.0.9.RELEASE.jar:2.0.9.RELEASE]
	at java.lang.Thread.run(Thread.java:745) ~[na:1.8.0_60]
Caused by: org.springframework.core.serializer.support.SerializationFailedException: Failed to deserialize payload. Is the byte array a result of corresponding serialization for DefaultDeserializer?; nested exception is org.springframework.core.NestedIOException: Failed to deserialize object type; nested exception is java.lang.ClassNotFoundException: com.firesoon.drgs.dto.user.User
	at org.springframework.core.serializer.support.DeserializingConverter.convert(DeserializingConverter.java:78) ~[spring-core-5.0.8.RELEASE.jar:5.0.8.RELEASE]
	at org.springframework.core.serializer.support.DeserializingConverter.convert(DeserializingConverter.java:36) ~[spring-core-5.0.8.RELEASE.jar:5.0.8.RELEASE]
	at org.springframework.data.redis.serializer.JdkSerializationRedisSerializer.deserialize(JdkSerializationRedisSerializer.java:82) ~[spring-data-redis-2.0.9.RELEASE.jar:2.0.9.RELEASE]
	... 10 common frames omitted
Caused by: org.springframework.core.NestedIOException: Failed to deserialize object type; nested exception is java.lang.ClassNotFoundException: com.firesoon.drgs.dto.user.User
	at org.springframework.core.serializer.DefaultDeserializer.deserialize(DefaultDeserializer.java:75) ~[spring-core-5.0.8.RELEASE.jar:5.0.8.RELEASE]
	at org.springframework.core.serializer.support.DeserializingConverter.convert(DeserializingConverter.java:73) ~[spring-core-5.0.8.RELEASE.jar:5.0.8.RELEASE]
	... 12 common frames omitted
Caused by: java.lang.ClassNotFoundException: com.firesoon.drgs.dto.user.User
	at java.net.URLClassLoader.findClass(URLClassLoader.java:381) ~[na:1.8.0_60]
	at java.lang.ClassLoader.loadClass(ClassLoader.java:424) ~[na:1.8.0_60]
	at sun.misc.Launcher$AppClassLoader.loadClass(Launcher.java:331) ~[na:1.8.0_60]
	at java.lang.ClassLoader.loadClass(ClassLoader.java:357) ~[na:1.8.0_60]
	at org.springframework.util.ClassUtils.forName(ClassUtils.java:274) ~[spring-core-5.0.8.RELEASE.jar:5.0.8.RELEASE]
	at org.springframework.core.ConfigurableObjectInputStream.resolveClass(ConfigurableObjectInputStream.java:76) ~[spring-core-5.0.8.RELEASE.jar:5.0.8.RELEASE]
	at java.io.ObjectInputStream.readNonProxyDesc(ObjectInputStream.java:1613) ~[na:1.8.0_60]
	at java.io.ObjectInputStream.readClassDesc(ObjectInputStream.java:1518) ~[na:1.8.0_60]
	at java.io.ObjectInputStream.readOrdinaryObject(ObjectInputStream.java:1774) ~[na:1.8.0_60]
	at java.io.ObjectInputStream.readObject0(ObjectInputStream.java:1351) ~[na:1.8.0_60]
	at java.io.ObjectInputStream.readObject(ObjectInputStream.java:371) ~[na:1.8.0_60]
	at org.springframework.core.serializer.DefaultDeserializer.deserialize(DefaultDeserializer.java:72) ~[spring-core-5.0.8.RELEASE.jar:5.0.8.RELEASE]
	... 13 common frames omitted

2019-03-19 17:27:27.356  INFO 5348 --- [main] com.firesoon.idaweb.IdaWebApplication    : Starting IdaWebApplication on TSJ0573 with PID 5348 (E:\ideaworkspace\payment\ida-web\target\classes started by yingjie.chen in E:\ideaworkspace\payment)
2019-03-19 17:27:27.359  INFO 5348 --- [main] com.firesoon.idaweb.IdaWebApplication    : No active profile set, falling back to default profiles: default
2019-03-19 17:27:27.664  INFO 5348 --- [main] ConfigServletWebServerApplicationContext : Refreshing org.springframework.boot.web.servlet.context.AnnotationConfigServletWebServerApplicationContext@7f284218: startup date [Tue Mar 19 17:27:27 CST 2019]; root of context hierarchy
2019-03-19 17:27:30.885  INFO 5348 --- [main] .s.d.r.c.RepositoryConfigurationDelegate : Multiple Spring Data modules found, entering strict repository configuration mode!
2019-03-19 17:27:31.586  INFO 5348 --- [main] trationDelegate$BeanPostProcessorChecker : Bean 'shiroCasConfiguration' of type [com.firesoon.commoncasshiro.config.ShiroCasConfiguration$$EnhancerBySpringCGLIB$$31e44a38] is not eligible for getting processed by all BeanPostProcessors (for example: not eligible for auto-proxying)
2019-03-19 17:27:31.770  INFO 5348 --- [main] trationDelegate$BeanPostProcessorChecker : Bean 'getEhCacheManager' of type [org.apache.shiro.cache.ehcache.EhCacheManager] is not eligible for getting processed by all BeanPostProcessors (for example: not eligible for auto-proxying)
2019-03-19 17:27:31.774  INFO 5348 --- [main] o.a.shiro.cache.ehcache.EhCacheManager   : Cache with name 'com.firesoon.commoncasshiro.config.realm.MyShiroCasRealm.authorizationCache' does not yet exist.  Creating now.
2019-03-19 17:27:31.796  INFO 5348 --- [main] o.a.shiro.cache.ehcache.EhCacheManager   : Added EhCache named [com.firesoon.commoncasshiro.config.realm.MyShiroCasRealm.authorizationCache]
2019-03-19 17:27:31.872  INFO 5348 --- [main] trationDelegate$BeanPostProcessorChecker : Bean 'org.springframework.boot.context.properties.ConversionServiceDeducer$Factory' of type [org.springframework.boot.context.properties.ConversionServiceDeducer$Factory] is not eligible for getting processed by all BeanPostProcessors (for example: not eligible for auto-proxying)
2019-03-19 17:27:32.160  INFO 5348 --- [main] trationDelegate$BeanPostProcessorChecker : Bean 'mybatis-org.mybatis.spring.boot.autoconfigure.MybatisProperties' of type [org.mybatis.spring.boot.autoconfigure.MybatisProperties] is not eligible for getting processed by all BeanPostProcessors (for example: not eligible for auto-proxying)
2019-03-19 17:27:32.170  INFO 5348 --- [main] trationDelegate$BeanPostProcessorChecker : Bean 'org.mybatis.spring.boot.autoconfigure.MybatisAutoConfiguration' of type [org.mybatis.spring.boot.autoconfigure.MybatisAutoConfiguration$$EnhancerBySpringCGLIB$$2e28a546] is not eligible for getting processed by all BeanPostProcessors (for example: not eligible for auto-proxying)
2019-03-19 17:27:32.174  INFO 5348 --- [main] trationDelegate$BeanPostProcessorChecker : Bean 'org.springframework.boot.autoconfigure.jdbc.DataSourceConfiguration$Hikari' of type [org.springframework.boot.autoconfigure.jdbc.DataSourceConfiguration$Hikari] is not eligible for getting processed by all BeanPostProcessors (for example: not eligible for auto-proxying)
2019-03-19 17:27:32.197  INFO 5348 --- [main] trationDelegate$BeanPostProcessorChecker : Bean 'spring.datasource-org.springframework.boot.autoconfigure.jdbc.DataSourceProperties' of type [org.springframework.boot.autoconfigure.jdbc.DataSourceProperties] is not eligible for getting processed by all BeanPostProcessors (for example: not eligible for auto-proxying)
2019-03-19 17:27:32.327  INFO 5348 --- [main] trationDelegate$BeanPostProcessorChecker : Bean 'dataSource' of type [com.zaxxer.hikari.HikariDataSource] is not eligible for getting processed by all BeanPostProcessors (for example: not eligible for auto-proxying)
2019-03-19 17:27:32.654  INFO 5348 --- [main] trationDelegate$BeanPostProcessorChecker : Bean 'sqlSessionFactory' of type [org.apache.ibatis.session.defaults.DefaultSqlSessionFactory] is not eligible for getting processed by all BeanPostProcessors (for example: not eligible for auto-proxying)
2019-03-19 17:27:32.680  INFO 5348 --- [main] trationDelegate$BeanPostProcessorChecker : Bean 'sqlSessionTemplate' of type [org.mybatis.spring.SqlSessionTemplate] is not eligible for getting processed by all BeanPostProcessors (for example: not eligible for auto-proxying)
2019-03-19 17:27:32.680  INFO 5348 --- [main] trationDelegate$BeanPostProcessorChecker : Bean 'userMapper' of type [org.mybatis.spring.mapper.MapperFactoryBean] is not eligible for getting processed by all BeanPostProcessors (for example: not eligible for auto-proxying)
2019-03-19 17:27:32.682  INFO 5348 --- [main] trationDelegate$BeanPostProcessorChecker : Bean 'userMapper' of type [com.sun.proxy.$Proxy67] is not eligible for getting processed by all BeanPostProcessors (for example: not eligible for auto-proxying)
2019-03-19 17:27:32.688  INFO 5348 --- [main] trationDelegate$BeanPostProcessorChecker : Bean 'spring.jdbc-org.springframework.boot.autoconfigure.jdbc.JdbcProperties' of type [org.springframework.boot.autoconfigure.jdbc.JdbcProperties] is not eligible for getting processed by all BeanPostProcessors (for example: not eligible for auto-proxying)
2019-03-19 17:27:32.691  INFO 5348 --- [main] trationDelegate$BeanPostProcessorChecker : Bean 'org.springframework.boot.autoconfigure.jdbc.JdbcTemplateAutoConfiguration$JdbcTemplateConfiguration' of type [org.springframework.boot.autoconfigure.jdbc.JdbcTemplateAutoConfiguration$JdbcTemplateConfiguration$$EnhancerBySpringCGLIB$$13df8283] is not eligible for getting processed by all BeanPostProcessors (for example: not eligible for auto-proxying)
2019-03-19 17:27:32.772  INFO 5348 --- [main] trationDelegate$BeanPostProcessorChecker : Bean 'jdbcTemplate' of type [org.springframework.jdbc.core.JdbcTemplate] is not eligible for getting processed by all BeanPostProcessors (for example: not eligible for auto-proxying)
2019-03-19 17:27:32.773  INFO 5348 --- [main] trationDelegate$BeanPostProcessorChecker : Bean 'userSerivceImpl' of type [com.firesoon.commoncasshiro.services.user.impl.UserSerivceImpl] is not eligible for getting processed by all BeanPostProcessors (for example: not eligible for auto-proxying)
2019-03-19 17:27:32.776  INFO 5348 --- [main] trationDelegate$BeanPostProcessorChecker : Bean 'myShiroCasRealm' of type [com.firesoon.commoncasshiro.config.realm.MyShiroCasRealm] is not eligible for getting processed by all BeanPostProcessors (for example: not eligible for auto-proxying)
2019-03-19 17:27:32.997  INFO 5348 --- [main] trationDelegate$BeanPostProcessorChecker : Bean 'securityManager' of type [org.apache.shiro.web.mgt.DefaultWebSecurityManager] is not eligible for getting processed by all BeanPostProcessors (for example: not eligible for auto-proxying)
2019-03-19 17:27:33.009  INFO 5348 --- [main] trationDelegate$BeanPostProcessorChecker : Bean 'cas' of type [org.apache.shiro.cas.CasFilter] is not eligible for getting processed by all BeanPostProcessors (for example: not eligible for auto-proxying)
2019-03-19 17:27:33.018  INFO 5348 --- [main] trationDelegate$BeanPostProcessorChecker : Bean 'user' of type [com.firesoon.commoncasshiro.config.filter.UserFilter] is not eligible for getting processed by all BeanPostProcessors (for example: not eligible for auto-proxying)
2019-03-19 17:27:33.229  INFO 5348 --- [main] trationDelegate$BeanPostProcessorChecker : Bean 'getAuthorizationAttributeSourceAdvisor' of type [org.apache.shiro.spring.security.interceptor.AuthorizationAttributeSourceAdvisor] is not eligible for getting processed by all BeanPostProcessors (for example: not eligible for auto-proxying)
2019-03-19 17:27:33.280  INFO 5348 --- [main] trationDelegate$BeanPostProcessorChecker : Bean 'org.springframework.transaction.annotation.ProxyTransactionManagementConfiguration' of type [org.springframework.transaction.annotation.ProxyTransactionManagementConfiguration$$EnhancerBySpringCGLIB$$fb545416] is not eligible for getting processed by all BeanPostProcessors (for example: not eligible for auto-proxying)
2019-03-19 17:27:34.873  INFO 5348 --- [main] o.s.b.w.embedded.tomcat.TomcatWebServer  : Tomcat initialized with port(s): 8080 (http)
2019-03-19 17:27:34.986  INFO 5348 --- [main] o.apache.catalina.core.StandardService   : Starting service [Tomcat]
2019-03-19 17:27:34.987  INFO 5348 --- [main] org.apache.catalina.core.StandardEngine  : Starting Servlet Engine: Apache Tomcat/8.5.32
2019-03-19 17:27:34.996  INFO 5348 --- [localhost-startStop-1] o.a.catalina.core.AprLifecycleListener   : The APR based Apache Tomcat Native library which allows optimal performance in production environments was not found on the java.library.path: [C:\Program Files\Java\jdk1.8.0_60\bin;C:\Windows\Sun\Java\bin;C:\Windows\system32;C:\Windows;C:\play-2.2.6;C:\Program Files (x86)\scala\bin;C:\Users\yingjie.chen\.gradle\wrapper\dists\gradle-2.8-all\ah86jmo43de9lfa8xg9ux3c4h\gradle-2.8\bin;D:\Program Files\apache-maven-3.3.1\bin;C:\Program Files\Java\jdk1.8.0_60\bin;C:\ProgramData\Oracle\Java\javapath;C:\Program Files (x86)\Intel\iCLS Client\;C:\Program Files\Intel\iCLS Client\;C:\Windows\system32;C:\Windows;C:\Windows\System32\Wbem;C:\Windows\System32\WindowsPowerShell\v1.0\;C:\Program Files\Intel\Intel(R) Management Engine Components\DAL;C:\Program Files\Intel\Intel(R) Management Engine Components\IPT;C:\Program Files (x86)\Intel\Intel(R) Management Engine Components\DAL;D:\Program Files\Python27;C:\Program Files (x86)\Intel\Intel(R) Management Engine Components\IPT;D:\Program Files\TortoiseSVN\bin;E:\androidsdk\adt-bundle-windows-x86_64-20131030\sdk\platform-tools;D:\Program Files\nodejs\;D:\Program Files (x86)\Oracle\Instant Client\bin;C:\Program Files (x86)\scala\bin;D:\Program Files\Git\cmd;C:\Users\yingjie.chen\AppData\Roaming\npm;.]
2019-03-19 17:27:35.312  INFO 5348 --- [localhost-startStop-1] o.a.c.c.C.[Tomcat].[localhost].[/ida]    : Initializing Spring embedded WebApplicationContext
2019-03-19 17:27:35.312  INFO 5348 --- [localhost-startStop-1] o.s.web.context.ContextLoader            : Root WebApplicationContext: initialization completed in 7648 ms
2019-03-19 17:27:36.919  INFO 5348 --- [localhost-startStop-1] o.s.b.w.servlet.FilterRegistrationBean   : Mapping filter: 'characterEncodingFilter' to: [/*]
2019-03-19 17:27:36.920  INFO 5348 --- [localhost-startStop-1] o.s.b.w.servlet.FilterRegistrationBean   : Mapping filter: 'sessionRepositoryFilter' to: [/*]
2019-03-19 17:27:36.920  INFO 5348 --- [localhost-startStop-1] o.s.b.w.servlet.FilterRegistrationBean   : Mapping filter: 'hiddenHttpMethodFilter' to: [/*]
2019-03-19 17:27:36.920  INFO 5348 --- [localhost-startStop-1] o.s.b.w.servlet.FilterRegistrationBean   : Mapping filter: 'httpPutFormContentFilter' to: [/*]
2019-03-19 17:27:36.920  INFO 5348 --- [localhost-startStop-1] o.s.b.w.servlet.FilterRegistrationBean   : Mapping filter: 'requestContextFilter' to: [/*]
2019-03-19 17:27:36.920  INFO 5348 --- [localhost-startStop-1] o.s.b.w.servlet.FilterRegistrationBean   : Mapping filter: 'singleSignOutFilter' to urls: [/*]
2019-03-19 17:27:36.920  INFO 5348 --- [localhost-startStop-1] o.s.b.w.servlet.FilterRegistrationBean   : Mapping filter: 'delegatingFilterProxy' to urls: [/*]
2019-03-19 17:27:36.920  INFO 5348 --- [localhost-startStop-1] o.s.b.w.servlet.FilterRegistrationBean   : Mapping filter: 'shiroFilter' to: [/*]
2019-03-19 17:27:36.920  INFO 5348 --- [localhost-startStop-1] o.s.b.w.servlet.FilterRegistrationBean   : Mapping filter: 'cas' to: [/*]
2019-03-19 17:27:36.920  INFO 5348 --- [localhost-startStop-1] o.s.b.w.servlet.FilterRegistrationBean   : Mapping filter: 'user' to: [/*]
2019-03-19 17:27:36.920  INFO 5348 --- [localhost-startStop-1] o.s.b.w.servlet.FilterRegistrationBean   : Mapping filter: 'logout' to: [/*]
2019-03-19 17:27:36.921  INFO 5348 --- [localhost-startStop-1] o.s.b.w.servlet.ServletRegistrationBean  : Servlet dispatcherServlet mapped to [/]
2019-03-19 17:27:37.029  INFO 5348 --- [localhost-startStop-1] o.j.c.c.session.SingleSignOutFilter      : Property [artifactParameterName] not found.  Using default value [ticket]
2019-03-19 17:27:37.029  INFO 5348 --- [localhost-startStop-1] o.j.c.c.session.SingleSignOutFilter      : Property [logoutParameterName] not found.  Using default value [logoutRequest]
2019-03-19 17:27:38.828  INFO 5348 --- [main] s.w.s.m.m.a.RequestMappingHandlerMapping : Mapped "{[/api/appealTemplate/add],methods=[GET || POST]}" onto public java.lang.Object com.firesoon.idaweb.web.appealTemplate.AppealTemplateAction.add(java.util.Map<java.lang.String, java.lang.Object>,javax.servlet.http.HttpServletRequest)
2019-03-19 17:27:38.829  INFO 5348 --- [main] s.w.s.m.m.a.RequestMappingHandlerMapping : Mapped "{[/api/appealTemplate/update],methods=[GET || POST]}" onto public java.lang.Object com.firesoon.idaweb.web.appealTemplate.AppealTemplateAction.update(java.util.Map<java.lang.String, java.lang.Object>,javax.servlet.http.HttpServletRequest)
2019-03-19 17:27:38.829  INFO 5348 --- [main] s.w.s.m.m.a.RequestMappingHandlerMapping : Mapped "{[/api/appealTemplate/delete],methods=[GET || POST]}" onto public java.lang.Object com.firesoon.idaweb.web.appealTemplate.AppealTemplateAction.delete(java.util.Map<java.lang.String, java.lang.Object>,javax.servlet.http.HttpServletRequest)
2019-03-19 17:27:38.829  INFO 5348 --- [main] s.w.s.m.m.a.RequestMappingHandlerMapping : Mapped "{[/api/appealTemplate/query],methods=[GET || POST]}" onto public java.lang.Object com.firesoon.idaweb.web.appealTemplate.AppealTemplateAction.query()
2019-03-19 17:27:38.830  INFO 5348 --- [main] s.w.s.m.m.a.RequestMappingHandlerMapping : Mapped "{[/api/appealTemplate/queryByTerm],methods=[GET || POST]}" onto public java.lang.Object com.firesoon.idaweb.web.appealTemplate.AppealTemplateAction.queryByTerm(java.util.Map<java.lang.String, java.lang.Object>)
2019-03-19 17:27:38.830  INFO 5348 --- [main] s.w.s.m.m.a.RequestMappingHandlerMapping : Mapped "{[/api/appealTemplate/explainDownload],methods=[GET || POST]}" onto public void com.firesoon.idaweb.web.appealTemplate.AppealTemplateAction.explainDownload(javax.servlet.http.HttpServletRequest,javax.servlet.http.HttpServletResponse) throws java.io.UnsupportedEncodingException
2019-03-19 17:27:38.830  INFO 5348 --- [main] s.w.s.m.m.a.RequestMappingHandlerMapping : Mapped "{[/api/appealTemplate/importExplainXls],methods=[GET || POST]}" onto public java.lang.Object com.firesoon.idaweb.web.appealTemplate.AppealTemplateAction.importExplainXls(java.util.Map<java.lang.String, java.lang.Object>)
2019-03-19 17:27:38.831  INFO 5348 --- [main] s.w.s.m.m.a.RequestMappingHandlerMapping : Mapped "{[/api/assess/years],methods=[POST]}" onto public java.lang.Object com.firesoon.idaweb.web.assessment.AssessmentAction.years(java.util.Map<java.lang.String, java.lang.Object>)
2019-03-19 17:27:38.831  INFO 5348 --- [main] s.w.s.m.m.a.RequestMappingHandlerMapping : Mapped "{[/api/assess/months],methods=[POST]}" onto public java.lang.Object com.firesoon.idaweb.web.assessment.AssessmentAction.months(java.util.Map<java.lang.String, java.lang.Object>)
2019-03-19 17:27:38.831  INFO 5348 --- [main] s.w.s.m.m.a.RequestMappingHandlerMapping : Mapped "{[/api/assess/monthsForDownload],methods=[GET]}" onto public void com.firesoon.idaweb.web.assessment.AssessmentAction.monthsForDownload(javax.servlet.http.HttpServletRequest,javax.servlet.http.HttpServletResponse,java.util.Map<java.lang.String, java.lang.Object>)
2019-03-19 17:27:38.832  INFO 5348 --- [main] s.w.s.m.m.a.RequestMappingHandlerMapping : Mapped "{[/api/assess/yearsForDownload],methods=[GET]}" onto public void com.firesoon.idaweb.web.assessment.AssessmentAction.yearsForDownload(javax.servlet.http.HttpServletRequest,javax.servlet.http.HttpServletResponse,java.util.Map<java.lang.String, java.lang.Object>)
2019-03-19 17:27:38.832  INFO 5348 --- [main] s.w.s.m.m.a.RequestMappingHandlerMapping : Mapped "{[/api/chargeBill/delete],methods=[POST || GET]}" onto public java.lang.Object com.firesoon.idaweb.web.chargeBill.ChargeBillAction.delete(java.util.Map<java.lang.String, java.lang.Object>)
2019-03-19 17:27:38.833  INFO 5348 --- [main] s.w.s.m.m.a.RequestMappingHandlerMapping : Mapped "{[/api/chargeBill/query],methods=[POST || GET]}" onto public java.lang.Object com.firesoon.idaweb.web.chargeBill.ChargeBillAction.query(java.util.Map<java.lang.String, java.lang.Object>)
2019-03-19 17:27:38.835  INFO 5348 --- [main] s.w.s.m.m.a.RequestMappingHandlerMapping : Mapped "{[/api/chargeBillAnalysis/getDepartDetailUltra],methods=[POST || GET]}" onto public java.lang.Object com.firesoon.idaweb.web.chargeBillAnalysis.ChargeBillAnalysisAction.getDepartDetailUltra(java.util.Map<java.lang.String, java.lang.Object>)
2019-03-19 17:27:38.835  INFO 5348 --- [main] s.w.s.m.m.a.RequestMappingHandlerMapping : Mapped "{[/api/chargeBillAnalysis/getData],methods=[POST || GET]}" onto public java.lang.Object com.firesoon.idaweb.web.chargeBillAnalysis.ChargeBillAnalysisAction.getItemData(java.util.Map<java.lang.String, java.lang.Object>)
2019-03-19 17:27:38.836  INFO 5348 --- [main] s.w.s.m.m.a.RequestMappingHandlerMapping : Mapped "{[/api/chargeBillAnalysis/getDownData],methods=[POST || GET]}" onto public java.lang.Object com.firesoon.idaweb.web.chargeBillAnalysis.ChargeBillAnalysisAction.getDownData(java.util.Map<java.lang.String, java.lang.Object>)
2019-03-19 17:27:38.836  INFO 5348 --- [main] s.w.s.m.m.a.RequestMappingHandlerMapping : Mapped "{[/api/chargeBillAnalysis/download],methods=[POST || GET]}" onto public void com.firesoon.idaweb.web.chargeBillAnalysis.ChargeBillAnalysisAction.download(java.util.Map<java.lang.String, java.lang.Object>,javax.servlet.http.HttpServletRequest,javax.servlet.http.HttpServletResponse) throws java.io.UnsupportedEncodingException
2019-03-19 17:27:38.836  INFO 5348 --- [main] s.w.s.m.m.a.RequestMappingHandlerMapping : Mapped "{[/api/chargeBillAnalysis/getInitialMonth],methods=[POST || GET]}" onto public java.lang.Object com.firesoon.idaweb.web.chargeBillAnalysis.ChargeBillAnalysisAction.getInitialMonth()
2019-03-19 17:27:38.836  INFO 5348 --- [main] s.w.s.m.m.a.RequestMappingHandlerMapping : Mapped "{[/api/chargeBillAnalysis/getDepartDetail],methods=[POST || GET]}" onto public java.lang.Object com.firesoon.idaweb.web.chargeBillAnalysis.ChargeBillAnalysisAction.getDepartDetail(java.util.Map<java.lang.String, java.lang.Object>)
2019-03-19 17:27:38.837  INFO 5348 --- [main] s.w.s.m.m.a.RequestMappingHandlerMapping : Mapped "{[/api/chargeBillCollect/download],methods=[GET]}" onto public void com.firesoon.idaweb.web.chargeBillCollect.ChargeBillCollectAction.download(java.util.Map<java.lang.String, java.lang.Object>,javax.servlet.http.HttpServletRequest,javax.servlet.http.HttpServletResponse) throws java.io.UnsupportedEncodingException
2019-03-19 17:27:38.837  INFO 5348 --- [main] s.w.s.m.m.a.RequestMappingHandlerMapping : Mapped "{[/api/chargeBillCollect/getData],methods=[POST]}" onto public java.lang.Object com.firesoon.idaweb.web.chargeBillCollect.ChargeBillCollectAction.queryData(java.util.Map<java.lang.String, java.lang.Object>)
2019-03-19 17:27:38.841  INFO 5348 --- [main] s.w.s.m.m.a.RequestMappingHandlerMapping : Mapped "{[/api/chargeBillDetail/query],methods=[POST]}" onto public java.lang.Object com.firesoon.idaweb.web.chargeBillDetail.ChargeBillDetailAction.query(java.util.Map<java.lang.String, java.lang.Object>)
2019-03-19 17:27:38.842  INFO 5348 --- [main] s.w.s.m.m.a.RequestMappingHandlerMapping : Mapped "{[/api/chargeBillDetail/getSectionLevelMonth],methods=[POST]}" onto public java.lang.Object com.firesoon.idaweb.web.chargeBillDetail.ChargeBillDetailAction.getSectionLevelMonth()
2019-03-19 17:27:38.842  INFO 5348 --- [main] s.w.s.m.m.a.RequestMappingHandlerMapping : Mapped "{[/api/chargeBillDetail/updateConditState],methods=[POST]}" onto public java.lang.Object com.firesoon.idaweb.web.chargeBillDetail.ChargeBillDetailAction.updateConditState(java.util.Map<java.lang.String, java.lang.Object>)
2019-03-19 17:27:38.843  INFO 5348 --- [main] s.w.s.m.m.a.RequestMappingHandlerMapping : Mapped "{[/api/chargeBillDetail/allExcelDepartment],methods=[POST]}" onto public java.lang.Object com.firesoon.idaweb.web.chargeBillDetail.ChargeBillDetailAction.allExcelDepartment(java.util.Map<java.lang.String, java.lang.Object>)
2019-03-19 17:27:38.843  INFO 5348 --- [main] s.w.s.m.m.a.RequestMappingHandlerMapping : Mapped "{[/api/chargeBillDetail/allDepartmentConfig],methods=[POST]}" onto public java.lang.Object com.firesoon.idaweb.web.chargeBillDetail.ChargeBillDetailAction.allDepartmentConfig()
2019-03-19 17:27:38.843  INFO 5348 --- [main] s.w.s.m.m.a.RequestMappingHandlerMapping : Mapped "{[/api/chargeBillDetail/allJyfs],methods=[POST]}" onto public java.lang.Object com.firesoon.idaweb.web.chargeBillDetail.ChargeBillDetailAction.allJyfs(java.util.Map<java.lang.String, java.lang.Object>)
2019-03-19 17:27:38.843  INFO 5348 --- [main] s.w.s.m.m.a.RequestMappingHandlerMapping : Mapped "{[/api/chargeBillDetail/queryCondit],methods=[POST]}" onto public java.lang.Object com.firesoon.idaweb.web.chargeBillDetail.ChargeBillDetailAction.queryCondit(java.util.Map<java.lang.String, java.lang.Object>)
2019-03-19 17:27:38.844  INFO 5348 --- [main] s.w.s.m.m.a.RequestMappingHandlerMapping : Mapped "{[/api/chargeBillDetail/allItem],methods=[POST]}" onto public java.lang.Object com.firesoon.idaweb.web.chargeBillDetail.ChargeBillDetailAction.allItem(java.util.Map<java.lang.String, java.lang.Object>)
2019-03-19 17:27:38.844  INFO 5348 --- [main] s.w.s.m.m.a.RequestMappingHandlerMapping : Mapped "{[/api/chargeBillDetail/allDepartment],methods=[POST]}" onto public java.lang.Object com.firesoon.idaweb.web.chargeBillDetail.ChargeBillDetailAction.allDepartment(java.util.Map<java.lang.String, java.lang.Object>)
2019-03-19 17:27:38.844  INFO 5348 --- [main] s.w.s.m.m.a.RequestMappingHandlerMapping : Mapped "{[/api/chargeBillDetail/allCblx],methods=[POST]}" onto public java.lang.Object com.firesoon.idaweb.web.chargeBillDetail.ChargeBillDetailAction.allCblx(java.util.Map<java.lang.String, java.lang.Object>)
2019-03-19 17:27:38.844  INFO 5348 --- [main] s.w.s.m.m.a.RequestMappingHandlerMapping : Mapped "{[/api/chargeBillDetail/allItemname],methods=[POST]}" onto public java.lang.Object com.firesoon.idaweb.web.chargeBillDetail.ChargeBillDetailAction.allItemname(java.util.Map<java.lang.String, java.lang.Object>)
2019-03-19 17:27:38.846  INFO 5348 --- [main] s.w.s.m.m.a.RequestMappingHandlerMapping : Mapped "{[/api/chargeBillDetail/allchargereason],methods=[POST]}" onto public java.lang.Object com.firesoon.idaweb.web.chargeBillDetail.ChargeBillDetailAction.allchargereason(java.util.Map<java.lang.String, java.lang.Object>)
2019-03-19 17:27:38.846  INFO 5348 --- [main] s.w.s.m.m.a.RequestMappingHandlerMapping : Mapped "{[/api/chargeBillDetail/changeDepartment],methods=[POST]}" onto public java.lang.Object com.firesoon.idaweb.web.chargeBillDetail.ChargeBillDetailAction.changeDepartment(java.util.Map<java.lang.String, java.lang.Object>)
2019-03-19 17:27:38.846  INFO 5348 --- [main] s.w.s.m.m.a.RequestMappingHandlerMapping : Mapped "{[/api/chargeBillDetail/getAppealMessage],methods=[POST]}" onto public java.lang.Object com.firesoon.idaweb.web.chargeBillDetail.ChargeBillDetailAction.getAppealMessage(java.util.Map<java.lang.String, java.lang.Object>)
2019-03-19 17:27:38.847  INFO 5348 --- [main] s.w.s.m.m.a.RequestMappingHandlerMapping : Mapped "{[/api/chargeBillDetail/appeal],methods=[POST]}" onto public java.lang.Object com.firesoon.idaweb.web.chargeBillDetail.ChargeBillDetailAction.appeal(java.util.Map<java.lang.String, java.lang.Object>)
2019-03-19 17:27:38.847  INFO 5348 --- [main] s.w.s.m.m.a.RequestMappingHandlerMapping : Mapped "{[/api/chargeBillDetail/levelDownload],methods=[POST || GET]}" onto public void com.firesoon.idaweb.web.chargeBillDetail.ChargeBillDetailAction.levelDownload(java.util.Map<java.lang.String, java.lang.Object>,javax.servlet.http.HttpServletRequest,javax.servlet.http.HttpServletResponse)
2019-03-19 17:27:38.848  INFO 5348 --- [main] s.w.s.m.m.a.RequestMappingHandlerMapping : Mapped "{[/api/common/billtypes],methods=[POST]}" onto public java.lang.Object com.firesoon.idaweb.web.common.CommonAction.billtypes()
2019-03-19 17:27:38.848  INFO 5348 --- [main] s.w.s.m.m.a.RequestMappingHandlerMapping : Mapped "{[/api/common/upload],methods=[POST]}" onto public java.lang.Object com.firesoon.idaweb.web.common.CommonAction.upload(org.springframework.web.multipart.MultipartFile,javax.servlet.http.HttpServletRequest) throws java.io.IOException
2019-03-19 17:27:38.848  INFO 5348 --- [main] s.w.s.m.m.a.RequestMappingHandlerMapping : Mapped "{[/api/common/import],methods=[POST]}" onto public java.lang.Object com.firesoon.idaweb.web.common.CommonAction.importXls(java.util.Map<java.lang.String, java.lang.Object>)
2019-03-19 17:27:38.848  INFO 5348 --- [main] s.w.s.m.m.a.RequestMappingHandlerMapping : Mapped "{[/api/common/isImport],methods=[POST]}" onto public java.lang.Object com.firesoon.idaweb.web.common.CommonAction.isImport(java.util.Map<java.lang.String, java.lang.Object>)
2019-03-19 17:27:38.848  INFO 5348 --- [main] s.w.s.m.m.a.RequestMappingHandlerMapping : Mapped "{[/api/common/existBilltype],methods=[POST]}" onto public java.lang.Object com.firesoon.idaweb.web.common.CommonAction.existBilltype()
2019-03-19 17:27:38.849  INFO 5348 --- [main] s.w.s.m.m.a.RequestMappingHandlerMapping : Mapped "{[/api/importRecord/query],methods=[GET || POST]}" onto public java.lang.Object com.firesoon.idaweb.web.importRecord.ImportRecordAction.query(java.util.Map<java.lang.String, java.lang.Object>)
2019-03-19 17:27:38.849  INFO 5348 --- [main] s.w.s.m.m.a.RequestMappingHandlerMapping : Mapped "{[/api/importRecord/download],methods=[GET || POST]}" onto public void com.firesoon.idaweb.web.importRecord.ImportRecordAction.download(java.util.Map<java.lang.String, java.lang.Object>,javax.servlet.http.HttpServletResponse,javax.servlet.http.HttpServletRequest) throws java.io.IOException
2019-03-19 17:27:38.850  INFO 5348 --- [main] s.w.s.m.m.a.RequestMappingHandlerMapping : Mapped "{[/api/demo/a],methods=[GET]}" onto public java.lang.Object com.firesoon.idaweb.web.user.DemoAction.a()
2019-03-19 17:27:38.850  INFO 5348 --- [main] s.w.s.m.m.a.RequestMappingHandlerMapping : Mapped "{[/logout],methods=[POST || GET]}" onto public java.lang.Object com.firesoon.idaweb.web.user.LoginAction.logout()
2019-03-19 17:27:38.851  INFO 5348 --- [main] s.w.s.m.m.a.RequestMappingHandlerMapping : Mapped "{[/api/user/user],methods=[POST || GET]}" onto public java.lang.Object com.firesoon.idaweb.web.user.UserAction.getUser()
2019-03-19 17:27:38.851  INFO 5348 --- [main] s.w.s.m.m.a.RequestMappingHandlerMapping : Mapped "{[/api/common/queryMenus],methods=[POST]}" onto public java.lang.Object com.firesoon.commoncasshiro.action.ResourceAction.queryMenus(java.util.Map<java.lang.String, java.lang.Object>)
2019-03-19 17:27:38.867  INFO 5348 --- [main] s.w.s.m.m.a.RequestMappingHandlerMapping : Mapped "{[/swagger-resources/configuration/security]}" onto public org.springframework.http.ResponseEntity<springfox.documentation.swagger.web.SecurityConfiguration> springfox.documentation.swagger.web.ApiResourceController.securityConfiguration()
2019-03-19 17:27:38.868  INFO 5348 --- [main] s.w.s.m.m.a.RequestMappingHandlerMapping : Mapped "{[/swagger-resources]}" onto public org.springframework.http.ResponseEntity<java.util.List<springfox.documentation.swagger.web.SwaggerResource>> springfox.documentation.swagger.web.ApiResourceController.swaggerResources()
2019-03-19 17:27:38.869  INFO 5348 --- [main] s.w.s.m.m.a.RequestMappingHandlerMapping : Mapped "{[/swagger-resources/configuration/ui]}" onto public org.springframework.http.ResponseEntity<springfox.documentation.swagger.web.UiConfiguration> springfox.documentation.swagger.web.ApiResourceController.uiConfiguration()
2019-03-19 17:27:38.871  INFO 5348 --- [main] s.w.s.m.m.a.RequestMappingHandlerMapping : Mapped "{[/error]}" onto public org.springframework.http.ResponseEntity<java.util.Map<java.lang.String, java.lang.Object>> org.springframework.boot.autoconfigure.web.servlet.error.BasicErrorController.error(javax.servlet.http.HttpServletRequest)
2019-03-19 17:27:38.872  INFO 5348 --- [main] s.w.s.m.m.a.RequestMappingHandlerMapping : Mapped "{[/error],produces=[text/html]}" onto public org.springframework.web.servlet.ModelAndView org.springframework.boot.autoconfigure.web.servlet.error.BasicErrorController.errorHtml(javax.servlet.http.HttpServletRequest,javax.servlet.http.HttpServletResponse)
2019-03-19 17:27:39.223  INFO 5348 --- [main] pertySourcedRequestMappingHandlerMapping : Mapped URL path [/v2/api-docs] onto method [public org.springframework.http.ResponseEntity<springfox.documentation.spring.web.json.Json> springfox.documentation.swagger2.web.Swagger2Controller.getDocumentation(java.lang.String,javax.servlet.http.HttpServletRequest)]
2019-03-19 17:27:39.501  INFO 5348 --- [main] o.s.w.s.handler.SimpleUrlHandlerMapping  : Mapped URL path [/**/favicon.ico] onto handler of type [class org.springframework.web.servlet.resource.ResourceHttpRequestHandler]
2019-03-19 17:27:39.976  INFO 5348 --- [main] s.w.s.m.m.a.RequestMappingHandlerAdapter : Looking for @ControllerAdvice: org.springframework.boot.web.servlet.context.AnnotationConfigServletWebServerApplicationContext@7f284218: startup date [Tue Mar 19 17:27:27 CST 2019]; root of context hierarchy
2019-03-19 17:27:40.070  INFO 5348 --- [main] o.s.w.s.handler.SimpleUrlHandlerMapping  : Mapped URL path [/webjars/**] onto handler of type [class org.springframework.web.servlet.resource.ResourceHttpRequestHandler]
2019-03-19 17:27:40.070  INFO 5348 --- [main] o.s.w.s.handler.SimpleUrlHandlerMapping  : Mapped URL path [/**] onto handler of type [class org.springframework.web.servlet.resource.ResourceHttpRequestHandler]
2019-03-19 17:27:40.115  INFO 5348 --- [main] .m.m.a.ExceptionHandlerExceptionResolver : Detected @ExceptionHandler methods in appealTemplateAction
2019-03-19 17:27:40.116  INFO 5348 --- [main] .m.m.a.ExceptionHandlerExceptionResolver : Detected @ExceptionHandler methods in assessmentAction
2019-03-19 17:27:40.116  INFO 5348 --- [main] .m.m.a.ExceptionHandlerExceptionResolver : Detected @ExceptionHandler methods in chargeBillAction
2019-03-19 17:27:40.116  INFO 5348 --- [main] .m.m.a.ExceptionHandlerExceptionResolver : Detected @ExceptionHandler methods in chargeBillAnalysisAction
2019-03-19 17:27:40.116  INFO 5348 --- [main] .m.m.a.ExceptionHandlerExceptionResolver : Detected @ExceptionHandler methods in chargeBillCollectAction
2019-03-19 17:27:40.116  INFO 5348 --- [main] .m.m.a.ExceptionHandlerExceptionResolver : Detected @ExceptionHandler methods in chargeBillDetailAction
2019-03-19 17:27:40.117  INFO 5348 --- [main] .m.m.a.ExceptionHandlerExceptionResolver : Detected @ExceptionHandler methods in commonAction
2019-03-19 17:27:40.117  INFO 5348 --- [main] .m.m.a.ExceptionHandlerExceptionResolver : Detected @ExceptionHandler methods in importRecordAction
2019-03-19 17:27:40.117  INFO 5348 --- [main] .m.m.a.ExceptionHandlerExceptionResolver : Detected @ExceptionHandler methods in demoAction
2019-03-19 17:27:40.117  INFO 5348 --- [main] .m.m.a.ExceptionHandlerExceptionResolver : Detected @ExceptionHandler methods in loginAction
2019-03-19 17:27:40.117  INFO 5348 --- [main] .m.m.a.ExceptionHandlerExceptionResolver : Detected @ExceptionHandler methods in userAction
2019-03-19 17:27:40.117  INFO 5348 --- [main] .m.m.a.ExceptionHandlerExceptionResolver : Detected @ExceptionHandler methods in baseAction
2019-03-19 17:27:40.117  INFO 5348 --- [main] .m.m.a.ExceptionHandlerExceptionResolver : Detected @ExceptionHandler methods in resourceAction
2019-03-19 17:27:41.273  INFO 5348 --- [main] io.lettuce.core.EpollProvider            : Starting without optional epoll library
2019-03-19 17:27:41.274  INFO 5348 --- [main] io.lettuce.core.KqueueProvider           : Starting without optional kqueue library
2019-03-19 17:27:42.516  INFO 5348 --- [main] o.s.j.e.a.AnnotationMBeanExporter        : Registering beans for JMX exposure on startup
2019-03-19 17:27:42.518  INFO 5348 --- [main] o.s.j.e.a.AnnotationMBeanExporter        : Bean with name 'dataSource' has been autodetected for JMX exposure
2019-03-19 17:27:42.529  INFO 5348 --- [main] o.s.j.e.a.AnnotationMBeanExporter        : Located MBean 'dataSource': registering with JMX server as MBean [com.zaxxer.hikari:name=dataSource,type=HikariDataSource]
2019-03-19 17:27:42.534  INFO 5348 --- [main] o.s.c.support.DefaultLifecycleProcessor  : Starting beans in phase 2147483647
2019-03-19 17:27:42.535  INFO 5348 --- [main] d.s.w.p.DocumentationPluginsBootstrapper : Context refreshed
2019-03-19 17:27:42.658  INFO 5348 --- [main] d.s.w.p.DocumentationPluginsBootstrapper : Found 1 custom documentation plugin(s)
2019-03-19 17:27:42.694  INFO 5348 --- [main] s.d.s.w.s.ApiListingReferenceScanner     : Scanning for api listing references
2019-03-19 17:27:42.954  INFO 5348 --- [main] .d.s.w.r.o.CachingOperationNameGenerator : Generating unique operation named: deleteUsingPOST_1
2019-03-19 17:27:42.955  INFO 5348 --- [main] .d.s.w.r.o.CachingOperationNameGenerator : Generating unique operation named: deleteUsingGET_1
2019-03-19 17:27:42.957  INFO 5348 --- [main] .d.s.w.r.o.CachingOperationNameGenerator : Generating unique operation named: queryUsingPOST_1
2019-03-19 17:27:42.958  INFO 5348 --- [main] .d.s.w.r.o.CachingOperationNameGenerator : Generating unique operation named: queryUsingGET_1
2019-03-19 17:27:42.972  INFO 5348 --- [main] .d.s.w.r.o.CachingOperationNameGenerator : Generating unique operation named: downloadUsingGET_1
2019-03-19 17:27:43.007  INFO 5348 --- [main] .d.s.w.r.o.CachingOperationNameGenerator : Generating unique operation named: queryUsingPOST_2
2019-03-19 17:27:43.021  INFO 5348 --- [main] .d.s.w.r.o.CachingOperationNameGenerator : Generating unique operation named: downloadUsingGET_2
2019-03-19 17:27:43.021  INFO 5348 --- [main] .d.s.w.r.o.CachingOperationNameGenerator : Generating unique operation named: downloadUsingPOST_1
2019-03-19 17:27:43.023  INFO 5348 --- [main] .d.s.w.r.o.CachingOperationNameGenerator : Generating unique operation named: queryUsingGET_2
2019-03-19 17:27:43.023  INFO 5348 --- [main] .d.s.w.r.o.CachingOperationNameGenerator : Generating unique operation named: queryUsingPOST_3
2019-03-19 17:27:43.283  INFO 5348 --- [main] s.a.ScheduledAnnotationBeanPostProcessor : No TaskScheduler/ScheduledExecutorService bean found for scheduled processing
2019-03-19 17:27:43.332  INFO 5348 --- [main] o.s.b.w.embedded.tomcat.TomcatWebServer  : Tomcat started on port(s): 8080 (http) with context path '/ida'
2019-03-19 17:27:43.340  INFO 5348 --- [main] com.firesoon.idaweb.IdaWebApplication    : Started IdaWebApplication in 17.359 seconds (JVM running for 20.401)
2019-03-19 18:55:11.119  INFO 8168 --- [main] com.firesoon.idaweb.IdaWebApplication    : Starting IdaWebApplication on TSJ0573 with PID 8168 (E:\ideaworkspace\payment\ida-web\target\classes started by yingjie.chen in E:\ideaworkspace\payment)
2019-03-19 18:55:11.119  INFO 8168 --- [main] com.firesoon.idaweb.IdaWebApplication    : No active profile set, falling back to default profiles: default
2019-03-19 18:55:11.166  INFO 8168 --- [main] ConfigServletWebServerApplicationContext : Refreshing org.springframework.boot.web.servlet.context.AnnotationConfigServletWebServerApplicationContext@52815fa3: startup date [Tue Mar 19 18:55:11 CST 2019]; root of context hierarchy
2019-03-19 18:55:12.242  INFO 8168 --- [main] .s.d.r.c.RepositoryConfigurationDelegate : Multiple Spring Data modules found, entering strict repository configuration mode!
2019-03-19 18:55:12.495  INFO 8168 --- [main] trationDelegate$BeanPostProcessorChecker : Bean 'shiroCasConfiguration' of type [com.firesoon.commoncasshiro.config.ShiroCasConfiguration$$EnhancerBySpringCGLIB$$4a14c31d] is not eligible for getting processed by all BeanPostProcessors (for example: not eligible for auto-proxying)
2019-03-19 18:55:12.604  INFO 8168 --- [main] trationDelegate$BeanPostProcessorChecker : Bean 'getEhCacheManager' of type [org.apache.shiro.cache.ehcache.EhCacheManager] is not eligible for getting processed by all BeanPostProcessors (for example: not eligible for auto-proxying)
2019-03-19 18:55:12.604  INFO 8168 --- [main] o.a.shiro.cache.ehcache.EhCacheManager   : Cache with name 'com.firesoon.commoncasshiro.config.realm.MyShiroCasRealm.authorizationCache' does not yet exist.  Creating now.
2019-03-19 18:55:12.620  INFO 8168 --- [main] o.a.shiro.cache.ehcache.EhCacheManager   : Added EhCache named [com.firesoon.commoncasshiro.config.realm.MyShiroCasRealm.authorizationCache]
2019-03-19 18:55:12.651  INFO 8168 --- [main] trationDelegate$BeanPostProcessorChecker : Bean 'org.springframework.boot.context.properties.ConversionServiceDeducer$Factory' of type [org.springframework.boot.context.properties.ConversionServiceDeducer$Factory] is not eligible for getting processed by all BeanPostProcessors (for example: not eligible for auto-proxying)
2019-03-19 18:55:12.729  INFO 8168 --- [main] trationDelegate$BeanPostProcessorChecker : Bean 'mybatis-org.mybatis.spring.boot.autoconfigure.MybatisProperties' of type [org.mybatis.spring.boot.autoconfigure.MybatisProperties] is not eligible for getting processed by all BeanPostProcessors (for example: not eligible for auto-proxying)
2019-03-19 18:55:12.729  INFO 8168 --- [main] trationDelegate$BeanPostProcessorChecker : Bean 'org.mybatis.spring.boot.autoconfigure.MybatisAutoConfiguration' of type [org.mybatis.spring.boot.autoconfigure.MybatisAutoConfiguration$$EnhancerBySpringCGLIB$$46591e2b] is not eligible for getting processed by all BeanPostProcessors (for example: not eligible for auto-proxying)
2019-03-19 18:55:12.745  INFO 8168 --- [main] trationDelegate$BeanPostProcessorChecker : Bean 'org.springframework.boot.autoconfigure.jdbc.DataSourceConfiguration$Hikari' of type [org.springframework.boot.autoconfigure.jdbc.DataSourceConfiguration$Hikari] is not eligible for getting processed by all BeanPostProcessors (for example: not eligible for auto-proxying)
2019-03-19 18:55:12.745  INFO 8168 --- [main] trationDelegate$BeanPostProcessorChecker : Bean 'spring.datasource-org.springframework.boot.autoconfigure.jdbc.DataSourceProperties' of type [org.springframework.boot.autoconfigure.jdbc.DataSourceProperties] is not eligible for getting processed by all BeanPostProcessors (for example: not eligible for auto-proxying)
2019-03-19 18:55:12.807  INFO 8168 --- [main] trationDelegate$BeanPostProcessorChecker : Bean 'dataSource' of type [com.zaxxer.hikari.HikariDataSource] is not eligible for getting processed by all BeanPostProcessors (for example: not eligible for auto-proxying)
2019-03-19 18:55:12.963  INFO 8168 --- [main] trationDelegate$BeanPostProcessorChecker : Bean 'sqlSessionFactory' of type [org.apache.ibatis.session.defaults.DefaultSqlSessionFactory] is not eligible for getting processed by all BeanPostProcessors (for example: not eligible for auto-proxying)
2019-03-19 18:55:12.963  INFO 8168 --- [main] trationDelegate$BeanPostProcessorChecker : Bean 'sqlSessionTemplate' of type [org.mybatis.spring.SqlSessionTemplate] is not eligible for getting processed by all BeanPostProcessors (for example: not eligible for auto-proxying)
2019-03-19 18:55:12.963  INFO 8168 --- [main] trationDelegate$BeanPostProcessorChecker : Bean 'userMapper' of type [org.mybatis.spring.mapper.MapperFactoryBean] is not eligible for getting processed by all BeanPostProcessors (for example: not eligible for auto-proxying)
2019-03-19 18:55:12.963  INFO 8168 --- [main] trationDelegate$BeanPostProcessorChecker : Bean 'userMapper' of type [com.sun.proxy.$Proxy67] is not eligible for getting processed by all BeanPostProcessors (for example: not eligible for auto-proxying)
2019-03-19 18:55:12.979  INFO 8168 --- [main] trationDelegate$BeanPostProcessorChecker : Bean 'spring.jdbc-org.springframework.boot.autoconfigure.jdbc.JdbcProperties' of type [org.springframework.boot.autoconfigure.jdbc.JdbcProperties] is not eligible for getting processed by all BeanPostProcessors (for example: not eligible for auto-proxying)
2019-03-19 18:55:12.979  INFO 8168 --- [main] trationDelegate$BeanPostProcessorChecker : Bean 'org.springframework.boot.autoconfigure.jdbc.JdbcTemplateAutoConfiguration$JdbcTemplateConfiguration' of type [org.springframework.boot.autoconfigure.jdbc.JdbcTemplateAutoConfiguration$JdbcTemplateConfiguration$$EnhancerBySpringCGLIB$$2c0ffb68] is not eligible for getting processed by all BeanPostProcessors (for example: not eligible for auto-proxying)
2019-03-19 18:55:12.994  INFO 8168 --- [main] trationDelegate$BeanPostProcessorChecker : Bean 'jdbcTemplate' of type [org.springframework.jdbc.core.JdbcTemplate] is not eligible for getting processed by all BeanPostProcessors (for example: not eligible for auto-proxying)
2019-03-19 18:55:12.994  INFO 8168 --- [main] trationDelegate$BeanPostProcessorChecker : Bean 'userSerivceImpl' of type [com.firesoon.commoncasshiro.services.user.impl.UserSerivceImpl] is not eligible for getting processed by all BeanPostProcessors (for example: not eligible for auto-proxying)
2019-03-19 18:55:12.994  INFO 8168 --- [main] trationDelegate$BeanPostProcessorChecker : Bean 'myShiroCasRealm' of type [com.firesoon.commoncasshiro.config.realm.MyShiroCasRealm] is not eligible for getting processed by all BeanPostProcessors (for example: not eligible for auto-proxying)
2019-03-19 18:55:13.229  INFO 8168 --- [main] trationDelegate$BeanPostProcessorChecker : Bean 'securityManager' of type [org.apache.shiro.web.mgt.DefaultWebSecurityManager] is not eligible for getting processed by all BeanPostProcessors (for example: not eligible for auto-proxying)
2019-03-19 18:55:13.229  INFO 8168 --- [main] trationDelegate$BeanPostProcessorChecker : Bean 'cas' of type [org.apache.shiro.cas.CasFilter] is not eligible for getting processed by all BeanPostProcessors (for example: not eligible for auto-proxying)
2019-03-19 18:55:13.245  INFO 8168 --- [main] trationDelegate$BeanPostProcessorChecker : Bean 'user' of type [com.firesoon.commoncasshiro.config.filter.UserFilter] is not eligible for getting processed by all BeanPostProcessors (for example: not eligible for auto-proxying)
2019-03-19 18:55:13.323  INFO 8168 --- [main] trationDelegate$BeanPostProcessorChecker : Bean 'getAuthorizationAttributeSourceAdvisor' of type [org.apache.shiro.spring.security.interceptor.AuthorizationAttributeSourceAdvisor] is not eligible for getting processed by all BeanPostProcessors (for example: not eligible for auto-proxying)
2019-03-19 18:55:13.354  INFO 8168 --- [main] trationDelegate$BeanPostProcessorChecker : Bean 'org.springframework.transaction.annotation.ProxyTransactionManagementConfiguration' of type [org.springframework.transaction.annotation.ProxyTransactionManagementConfiguration$$EnhancerBySpringCGLIB$$1384ccfb] is not eligible for getting processed by all BeanPostProcessors (for example: not eligible for auto-proxying)
2019-03-19 18:55:13.991  INFO 8168 --- [main] o.s.b.w.embedded.tomcat.TomcatWebServer  : Tomcat initialized with port(s): 8080 (http)
2019-03-19 18:55:14.006  INFO 8168 --- [main] o.apache.catalina.core.StandardService   : Starting service [Tomcat]
2019-03-19 18:55:14.006  INFO 8168 --- [main] org.apache.catalina.core.StandardEngine  : Starting Servlet Engine: Apache Tomcat/8.5.32
2019-03-19 18:55:14.022  INFO 8168 --- [localhost-startStop-1] o.a.catalina.core.AprLifecycleListener   : The APR based Apache Tomcat Native library which allows optimal performance in production environments was not found on the java.library.path: [C:\Program Files\Java\jdk1.8.0_60\bin;C:\Windows\Sun\Java\bin;C:\Windows\system32;C:\Windows;C:\play-2.2.6;C:\Program Files (x86)\scala\bin;C:\Users\yingjie.chen\.gradle\wrapper\dists\gradle-2.8-all\ah86jmo43de9lfa8xg9ux3c4h\gradle-2.8\bin;D:\Program Files\apache-maven-3.3.1\bin;C:\Program Files\Java\jdk1.8.0_60\bin;C:\ProgramData\Oracle\Java\javapath;C:\Program Files (x86)\Intel\iCLS Client\;C:\Program Files\Intel\iCLS Client\;C:\Windows\system32;C:\Windows;C:\Windows\System32\Wbem;C:\Windows\System32\WindowsPowerShell\v1.0\;C:\Program Files\Intel\Intel(R) Management Engine Components\DAL;C:\Program Files\Intel\Intel(R) Management Engine Components\IPT;C:\Program Files (x86)\Intel\Intel(R) Management Engine Components\DAL;D:\Program Files\Python27;C:\Program Files (x86)\Intel\Intel(R) Management Engine Components\IPT;D:\Program Files\TortoiseSVN\bin;E:\androidsdk\adt-bundle-windows-x86_64-20131030\sdk\platform-tools;D:\Program Files\nodejs\;D:\Program Files (x86)\Oracle\Instant Client\bin;C:\Program Files (x86)\scala\bin;D:\Program Files\Git\cmd;C:\Users\yingjie.chen\AppData\Roaming\npm;.]
2019-03-19 18:55:14.131  INFO 8168 --- [localhost-startStop-1] o.a.c.c.C.[Tomcat].[localhost].[/ida]    : Initializing Spring embedded WebApplicationContext
2019-03-19 18:55:14.131  INFO 8168 --- [localhost-startStop-1] o.s.web.context.ContextLoader            : Root WebApplicationContext: initialization completed in 2965 ms
2019-03-19 18:55:14.584  INFO 8168 --- [localhost-startStop-1] o.s.b.w.servlet.FilterRegistrationBean   : Mapping filter: 'characterEncodingFilter' to: [/*]
2019-03-19 18:55:14.584  INFO 8168 --- [localhost-startStop-1] o.s.b.w.servlet.FilterRegistrationBean   : Mapping filter: 'sessionRepositoryFilter' to: [/*]
2019-03-19 18:55:14.584  INFO 8168 --- [localhost-startStop-1] o.s.b.w.servlet.FilterRegistrationBean   : Mapping filter: 'hiddenHttpMethodFilter' to: [/*]
2019-03-19 18:55:14.584  INFO 8168 --- [localhost-startStop-1] o.s.b.w.servlet.FilterRegistrationBean   : Mapping filter: 'httpPutFormContentFilter' to: [/*]
2019-03-19 18:55:14.584  INFO 8168 --- [localhost-startStop-1] o.s.b.w.servlet.FilterRegistrationBean   : Mapping filter: 'requestContextFilter' to: [/*]
2019-03-19 18:55:14.584  INFO 8168 --- [localhost-startStop-1] o.s.b.w.servlet.FilterRegistrationBean   : Mapping filter: 'singleSignOutFilter' to urls: [/*]
2019-03-19 18:55:14.584  INFO 8168 --- [localhost-startStop-1] o.s.b.w.servlet.FilterRegistrationBean   : Mapping filter: 'delegatingFilterProxy' to urls: [/*]
2019-03-19 18:55:14.584  INFO 8168 --- [localhost-startStop-1] o.s.b.w.servlet.FilterRegistrationBean   : Mapping filter: 'shiroFilter' to: [/*]
2019-03-19 18:55:14.584  INFO 8168 --- [localhost-startStop-1] o.s.b.w.servlet.FilterRegistrationBean   : Mapping filter: 'cas' to: [/*]
2019-03-19 18:55:14.584  INFO 8168 --- [localhost-startStop-1] o.s.b.w.servlet.FilterRegistrationBean   : Mapping filter: 'user' to: [/*]
2019-03-19 18:55:14.584  INFO 8168 --- [localhost-startStop-1] o.s.b.w.servlet.FilterRegistrationBean   : Mapping filter: 'logout' to: [/*]
2019-03-19 18:55:14.584  INFO 8168 --- [localhost-startStop-1] o.s.b.w.servlet.ServletRegistrationBean  : Servlet dispatcherServlet mapped to [/]
2019-03-19 18:55:14.622  INFO 8168 --- [localhost-startStop-1] o.j.c.c.session.SingleSignOutFilter      : Property [artifactParameterName] not found.  Using default value [ticket]
2019-03-19 18:55:14.622  INFO 8168 --- [localhost-startStop-1] o.j.c.c.session.SingleSignOutFilter      : Property [logoutParameterName] not found.  Using default value [logoutRequest]
2019-03-19 18:55:15.512  INFO 8168 --- [main] s.w.s.m.m.a.RequestMappingHandlerMapping : Mapped "{[/api/appealTemplate/add],methods=[GET || POST]}" onto public java.lang.Object com.firesoon.idaweb.web.appealTemplate.AppealTemplateAction.add(java.util.Map<java.lang.String, java.lang.Object>,javax.servlet.http.HttpServletRequest)
2019-03-19 18:55:15.512  INFO 8168 --- [main] s.w.s.m.m.a.RequestMappingHandlerMapping : Mapped "{[/api/appealTemplate/update],methods=[GET || POST]}" onto public java.lang.Object com.firesoon.idaweb.web.appealTemplate.AppealTemplateAction.update(java.util.Map<java.lang.String, java.lang.Object>,javax.servlet.http.HttpServletRequest)
2019-03-19 18:55:15.512  INFO 8168 --- [main] s.w.s.m.m.a.RequestMappingHandlerMapping : Mapped "{[/api/appealTemplate/delete],methods=[GET || POST]}" onto public java.lang.Object com.firesoon.idaweb.web.appealTemplate.AppealTemplateAction.delete(java.util.Map<java.lang.String, java.lang.Object>,javax.servlet.http.HttpServletRequest)
2019-03-19 18:55:15.512  INFO 8168 --- [main] s.w.s.m.m.a.RequestMappingHandlerMapping : Mapped "{[/api/appealTemplate/query],methods=[GET || POST]}" onto public java.lang.Object com.firesoon.idaweb.web.appealTemplate.AppealTemplateAction.query()
2019-03-19 18:55:15.512  INFO 8168 --- [main] s.w.s.m.m.a.RequestMappingHandlerMapping : Mapped "{[/api/appealTemplate/queryByTerm],methods=[GET || POST]}" onto public java.lang.Object com.firesoon.idaweb.web.appealTemplate.AppealTemplateAction.queryByTerm(java.util.Map<java.lang.String, java.lang.Object>)
2019-03-19 18:55:15.512  INFO 8168 --- [main] s.w.s.m.m.a.RequestMappingHandlerMapping : Mapped "{[/api/appealTemplate/explainDownload],methods=[GET || POST]}" onto public void com.firesoon.idaweb.web.appealTemplate.AppealTemplateAction.explainDownload(javax.servlet.http.HttpServletRequest,javax.servlet.http.HttpServletResponse) throws java.io.UnsupportedEncodingException
2019-03-19 18:55:15.512  INFO 8168 --- [main] s.w.s.m.m.a.RequestMappingHandlerMapping : Mapped "{[/api/appealTemplate/importExplainXls],methods=[GET || POST]}" onto public java.lang.Object com.firesoon.idaweb.web.appealTemplate.AppealTemplateAction.importExplainXls(java.util.Map<java.lang.String, java.lang.Object>)
2019-03-19 18:55:15.512  INFO 8168 --- [main] s.w.s.m.m.a.RequestMappingHandlerMapping : Mapped "{[/api/assess/years],methods=[POST]}" onto public java.lang.Object com.firesoon.idaweb.web.assessment.AssessmentAction.years(java.util.Map<java.lang.String, java.lang.Object>)
2019-03-19 18:55:15.512  INFO 8168 --- [main] s.w.s.m.m.a.RequestMappingHandlerMapping : Mapped "{[/api/assess/months],methods=[POST]}" onto public java.lang.Object com.firesoon.idaweb.web.assessment.AssessmentAction.months(java.util.Map<java.lang.String, java.lang.Object>)
2019-03-19 18:55:15.512  INFO 8168 --- [main] s.w.s.m.m.a.RequestMappingHandlerMapping : Mapped "{[/api/assess/monthsForDownload],methods=[GET]}" onto public void com.firesoon.idaweb.web.assessment.AssessmentAction.monthsForDownload(javax.servlet.http.HttpServletRequest,javax.servlet.http.HttpServletResponse,java.util.Map<java.lang.String, java.lang.Object>)
2019-03-19 18:55:15.512  INFO 8168 --- [main] s.w.s.m.m.a.RequestMappingHandlerMapping : Mapped "{[/api/assess/yearsForDownload],methods=[GET]}" onto public void com.firesoon.idaweb.web.assessment.AssessmentAction.yearsForDownload(javax.servlet.http.HttpServletRequest,javax.servlet.http.HttpServletResponse,java.util.Map<java.lang.String, java.lang.Object>)
2019-03-19 18:55:15.527  INFO 8168 --- [main] s.w.s.m.m.a.RequestMappingHandlerMapping : Mapped "{[/api/chargeBill/delete],methods=[POST || GET]}" onto public java.lang.Object com.firesoon.idaweb.web.chargeBill.ChargeBillAction.delete(java.util.Map<java.lang.String, java.lang.Object>)
2019-03-19 18:55:15.527  INFO 8168 --- [main] s.w.s.m.m.a.RequestMappingHandlerMapping : Mapped "{[/api/chargeBill/query],methods=[POST || GET]}" onto public java.lang.Object com.firesoon.idaweb.web.chargeBill.ChargeBillAction.query(java.util.Map<java.lang.String, java.lang.Object>)
2019-03-19 18:55:15.527  INFO 8168 --- [main] s.w.s.m.m.a.RequestMappingHandlerMapping : Mapped "{[/api/chargeBillAnalysis/getDepartDetailUltra],methods=[POST || GET]}" onto public java.lang.Object com.firesoon.idaweb.web.chargeBillAnalysis.ChargeBillAnalysisAction.getDepartDetailUltra(java.util.Map<java.lang.String, java.lang.Object>)
2019-03-19 18:55:15.527  INFO 8168 --- [main] s.w.s.m.m.a.RequestMappingHandlerMapping : Mapped "{[/api/chargeBillAnalysis/download],methods=[POST || GET]}" onto public void com.firesoon.idaweb.web.chargeBillAnalysis.ChargeBillAnalysisAction.download(java.util.Map<java.lang.String, java.lang.Object>,javax.servlet.http.HttpServletRequest,javax.servlet.http.HttpServletResponse) throws java.io.UnsupportedEncodingException
2019-03-19 18:55:15.527  INFO 8168 --- [main] s.w.s.m.m.a.RequestMappingHandlerMapping : Mapped "{[/api/chargeBillAnalysis/getData],methods=[POST || GET]}" onto public java.lang.Object com.firesoon.idaweb.web.chargeBillAnalysis.ChargeBillAnalysisAction.getItemData(java.util.Map<java.lang.String, java.lang.Object>)
2019-03-19 18:55:15.527  INFO 8168 --- [main] s.w.s.m.m.a.RequestMappingHandlerMapping : Mapped "{[/api/chargeBillAnalysis/getDownData],methods=[POST || GET]}" onto public java.lang.Object com.firesoon.idaweb.web.chargeBillAnalysis.ChargeBillAnalysisAction.getDownData(java.util.Map<java.lang.String, java.lang.Object>)
2019-03-19 18:55:15.527  INFO 8168 --- [main] s.w.s.m.m.a.RequestMappingHandlerMapping : Mapped "{[/api/chargeBillAnalysis/getInitialMonth],methods=[POST || GET]}" onto public java.lang.Object com.firesoon.idaweb.web.chargeBillAnalysis.ChargeBillAnalysisAction.getInitialMonth()
2019-03-19 18:55:15.527  INFO 8168 --- [main] s.w.s.m.m.a.RequestMappingHandlerMapping : Mapped "{[/api/chargeBillAnalysis/getDepartDetail],methods=[POST || GET]}" onto public java.lang.Object com.firesoon.idaweb.web.chargeBillAnalysis.ChargeBillAnalysisAction.getDepartDetail(java.util.Map<java.lang.String, java.lang.Object>)
2019-03-19 18:55:15.527  INFO 8168 --- [main] s.w.s.m.m.a.RequestMappingHandlerMapping : Mapped "{[/api/chargeBillCollect/download],methods=[GET]}" onto public void com.firesoon.idaweb.web.chargeBillCollect.ChargeBillCollectAction.download(java.util.Map<java.lang.String, java.lang.Object>,javax.servlet.http.HttpServletRequest,javax.servlet.http.HttpServletResponse) throws java.io.UnsupportedEncodingException
2019-03-19 18:55:15.527  INFO 8168 --- [main] s.w.s.m.m.a.RequestMappingHandlerMapping : Mapped "{[/api/chargeBillCollect/getData],methods=[POST]}" onto public java.lang.Object com.firesoon.idaweb.web.chargeBillCollect.ChargeBillCollectAction.queryData(java.util.Map<java.lang.String, java.lang.Object>)
2019-03-19 18:55:15.543  INFO 8168 --- [main] s.w.s.m.m.a.RequestMappingHandlerMapping : Mapped "{[/api/chargeBillDetail/query],methods=[POST]}" onto public java.lang.Object com.firesoon.idaweb.web.chargeBillDetail.ChargeBillDetailAction.query(java.util.Map<java.lang.String, java.lang.Object>)
2019-03-19 18:55:15.543  INFO 8168 --- [main] s.w.s.m.m.a.RequestMappingHandlerMapping : Mapped "{[/api/chargeBillDetail/getSectionLevelMonth],methods=[POST]}" onto public java.lang.Object com.firesoon.idaweb.web.chargeBillDetail.ChargeBillDetailAction.getSectionLevelMonth()
2019-03-19 18:55:15.543  INFO 8168 --- [main] s.w.s.m.m.a.RequestMappingHandlerMapping : Mapped "{[/api/chargeBillDetail/updateConditState],methods=[POST]}" onto public java.lang.Object com.firesoon.idaweb.web.chargeBillDetail.ChargeBillDetailAction.updateConditState(java.util.Map<java.lang.String, java.lang.Object>)
2019-03-19 18:55:15.543  INFO 8168 --- [main] s.w.s.m.m.a.RequestMappingHandlerMapping : Mapped "{[/api/chargeBillDetail/allExcelDepartment],methods=[POST]}" onto public java.lang.Object com.firesoon.idaweb.web.chargeBillDetail.ChargeBillDetailAction.allExcelDepartment(java.util.Map<java.lang.String, java.lang.Object>)
2019-03-19 18:55:15.543  INFO 8168 --- [main] s.w.s.m.m.a.RequestMappingHandlerMapping : Mapped "{[/api/chargeBillDetail/allDepartmentConfig],methods=[POST]}" onto public java.lang.Object com.firesoon.idaweb.web.chargeBillDetail.ChargeBillDetailAction.allDepartmentConfig()
2019-03-19 18:55:15.543  INFO 8168 --- [main] s.w.s.m.m.a.RequestMappingHandlerMapping : Mapped "{[/api/chargeBillDetail/allJyfs],methods=[POST]}" onto public java.lang.Object com.firesoon.idaweb.web.chargeBillDetail.ChargeBillDetailAction.allJyfs(java.util.Map<java.lang.String, java.lang.Object>)
2019-03-19 18:55:15.543  INFO 8168 --- [main] s.w.s.m.m.a.RequestMappingHandlerMapping : Mapped "{[/api/chargeBillDetail/allCblx],methods=[POST]}" onto public java.lang.Object com.firesoon.idaweb.web.chargeBillDetail.ChargeBillDetailAction.allCblx(java.util.Map<java.lang.String, java.lang.Object>)
2019-03-19 18:55:15.543  INFO 8168 --- [main] s.w.s.m.m.a.RequestMappingHandlerMapping : Mapped "{[/api/chargeBillDetail/allItem],methods=[POST]}" onto public java.lang.Object com.firesoon.idaweb.web.chargeBillDetail.ChargeBillDetailAction.allItem(java.util.Map<java.lang.String, java.lang.Object>)
2019-03-19 18:55:15.543  INFO 8168 --- [main] s.w.s.m.m.a.RequestMappingHandlerMapping : Mapped "{[/api/chargeBillDetail/allDepartment],methods=[POST]}" onto public java.lang.Object com.firesoon.idaweb.web.chargeBillDetail.ChargeBillDetailAction.allDepartment(java.util.Map<java.lang.String, java.lang.Object>)
2019-03-19 18:55:15.543  INFO 8168 --- [main] s.w.s.m.m.a.RequestMappingHandlerMapping : Mapped "{[/api/chargeBillDetail/allItemname],methods=[POST]}" onto public java.lang.Object com.firesoon.idaweb.web.chargeBillDetail.ChargeBillDetailAction.allItemname(java.util.Map<java.lang.String, java.lang.Object>)
2019-03-19 18:55:15.543  INFO 8168 --- [main] s.w.s.m.m.a.RequestMappingHandlerMapping : Mapped "{[/api/chargeBillDetail/queryCondit],methods=[POST]}" onto public java.lang.Object com.firesoon.idaweb.web.chargeBillDetail.ChargeBillDetailAction.queryCondit(java.util.Map<java.lang.String, java.lang.Object>)
2019-03-19 18:55:15.559  INFO 8168 --- [main] s.w.s.m.m.a.RequestMappingHandlerMapping : Mapped "{[/api/chargeBillDetail/allchargereason],methods=[POST]}" onto public java.lang.Object com.firesoon.idaweb.web.chargeBillDetail.ChargeBillDetailAction.allchargereason(java.util.Map<java.lang.String, java.lang.Object>)
2019-03-19 18:55:15.559  INFO 8168 --- [main] s.w.s.m.m.a.RequestMappingHandlerMapping : Mapped "{[/api/chargeBillDetail/changeDepartment],methods=[POST]}" onto public java.lang.Object com.firesoon.idaweb.web.chargeBillDetail.ChargeBillDetailAction.changeDepartment(java.util.Map<java.lang.String, java.lang.Object>)
2019-03-19 18:55:15.559  INFO 8168 --- [main] s.w.s.m.m.a.RequestMappingHandlerMapping : Mapped "{[/api/chargeBillDetail/getAppealMessage],methods=[POST]}" onto public java.lang.Object com.firesoon.idaweb.web.chargeBillDetail.ChargeBillDetailAction.getAppealMessage(java.util.Map<java.lang.String, java.lang.Object>)
2019-03-19 18:55:15.559  INFO 8168 --- [main] s.w.s.m.m.a.RequestMappingHandlerMapping : Mapped "{[/api/chargeBillDetail/appeal],methods=[POST]}" onto public java.lang.Object com.firesoon.idaweb.web.chargeBillDetail.ChargeBillDetailAction.appeal(java.util.Map<java.lang.String, java.lang.Object>)
2019-03-19 18:55:15.559  INFO 8168 --- [main] s.w.s.m.m.a.RequestMappingHandlerMapping : Mapped "{[/api/chargeBillDetail/levelDownload],methods=[POST || GET]}" onto public void com.firesoon.idaweb.web.chargeBillDetail.ChargeBillDetailAction.levelDownload(java.util.Map<java.lang.String, java.lang.Object>,javax.servlet.http.HttpServletRequest,javax.servlet.http.HttpServletResponse)
2019-03-19 18:55:15.559  INFO 8168 --- [main] s.w.s.m.m.a.RequestMappingHandlerMapping : Mapped "{[/api/common/import],methods=[POST]}" onto public java.lang.Object com.firesoon.idaweb.web.common.CommonAction.importXls(java.util.Map<java.lang.String, java.lang.Object>)
2019-03-19 18:55:15.559  INFO 8168 --- [main] s.w.s.m.m.a.RequestMappingHandlerMapping : Mapped "{[/api/common/upload],methods=[POST]}" onto public java.lang.Object com.firesoon.idaweb.web.common.CommonAction.upload(org.springframework.web.multipart.MultipartFile,javax.servlet.http.HttpServletRequest) throws java.io.IOException
2019-03-19 18:55:15.559  INFO 8168 --- [main] s.w.s.m.m.a.RequestMappingHandlerMapping : Mapped "{[/api/common/isImport],methods=[POST]}" onto public java.lang.Object com.firesoon.idaweb.web.common.CommonAction.isImport(java.util.Map<java.lang.String, java.lang.Object>)
2019-03-19 18:55:15.559  INFO 8168 --- [main] s.w.s.m.m.a.RequestMappingHandlerMapping : Mapped "{[/api/common/billtypes],methods=[POST]}" onto public java.lang.Object com.firesoon.idaweb.web.common.CommonAction.billtypes()
2019-03-19 18:55:15.559  INFO 8168 --- [main] s.w.s.m.m.a.RequestMappingHandlerMapping : Mapped "{[/api/common/existBilltype],methods=[POST]}" onto public java.lang.Object com.firesoon.idaweb.web.common.CommonAction.existBilltype()
2019-03-19 18:55:15.559  INFO 8168 --- [main] s.w.s.m.m.a.RequestMappingHandlerMapping : Mapped "{[/api/importRecord/query],methods=[GET || POST]}" onto public java.lang.Object com.firesoon.idaweb.web.importRecord.ImportRecordAction.query(java.util.Map<java.lang.String, java.lang.Object>)
2019-03-19 18:55:15.574  INFO 8168 --- [main] s.w.s.m.m.a.RequestMappingHandlerMapping : Mapped "{[/api/importRecord/download],methods=[GET || POST]}" onto public void com.firesoon.idaweb.web.importRecord.ImportRecordAction.download(java.util.Map<java.lang.String, java.lang.Object>,javax.servlet.http.HttpServletResponse,javax.servlet.http.HttpServletRequest) throws java.io.IOException
2019-03-19 18:55:15.574  INFO 8168 --- [main] s.w.s.m.m.a.RequestMappingHandlerMapping : Mapped "{[/api/demo/a],methods=[GET]}" onto public java.lang.Object com.firesoon.idaweb.web.user.DemoAction.a()
2019-03-19 18:55:15.574  INFO 8168 --- [main] s.w.s.m.m.a.RequestMappingHandlerMapping : Mapped "{[/logout],methods=[POST || GET]}" onto public java.lang.Object com.firesoon.idaweb.web.user.LoginAction.logout()
2019-03-19 18:55:15.574  INFO 8168 --- [main] s.w.s.m.m.a.RequestMappingHandlerMapping : Mapped "{[/api/user/user],methods=[POST || GET]}" onto public java.lang.Object com.firesoon.idaweb.web.user.UserAction.getUser()
2019-03-19 18:55:15.574  INFO 8168 --- [main] s.w.s.m.m.a.RequestMappingHandlerMapping : Mapped "{[/api/common/queryMenus],methods=[POST]}" onto public java.lang.Object com.firesoon.commoncasshiro.action.ResourceAction.queryMenus(java.util.Map<java.lang.String, java.lang.Object>)
2019-03-19 18:55:15.574  INFO 8168 --- [main] s.w.s.m.m.a.RequestMappingHandlerMapping : Mapped "{[/swagger-resources/configuration/security]}" onto public org.springframework.http.ResponseEntity<springfox.documentation.swagger.web.SecurityConfiguration> springfox.documentation.swagger.web.ApiResourceController.securityConfiguration()
2019-03-19 18:55:15.574  INFO 8168 --- [main] s.w.s.m.m.a.RequestMappingHandlerMapping : Mapped "{[/swagger-resources]}" onto public org.springframework.http.ResponseEntity<java.util.List<springfox.documentation.swagger.web.SwaggerResource>> springfox.documentation.swagger.web.ApiResourceController.swaggerResources()
2019-03-19 18:55:15.574  INFO 8168 --- [main] s.w.s.m.m.a.RequestMappingHandlerMapping : Mapped "{[/swagger-resources/configuration/ui]}" onto public org.springframework.http.ResponseEntity<springfox.documentation.swagger.web.UiConfiguration> springfox.documentation.swagger.web.ApiResourceController.uiConfiguration()
2019-03-19 18:55:15.574  INFO 8168 --- [main] s.w.s.m.m.a.RequestMappingHandlerMapping : Mapped "{[/error]}" onto public org.springframework.http.ResponseEntity<java.util.Map<java.lang.String, java.lang.Object>> org.springframework.boot.autoconfigure.web.servlet.error.BasicErrorController.error(javax.servlet.http.HttpServletRequest)
2019-03-19 18:55:15.574  INFO 8168 --- [main] s.w.s.m.m.a.RequestMappingHandlerMapping : Mapped "{[/error],produces=[text/html]}" onto public org.springframework.web.servlet.ModelAndView org.springframework.boot.autoconfigure.web.servlet.error.BasicErrorController.errorHtml(javax.servlet.http.HttpServletRequest,javax.servlet.http.HttpServletResponse)
2019-03-19 18:55:15.839  INFO 8168 --- [main] pertySourcedRequestMappingHandlerMapping : Mapped URL path [/v2/api-docs] onto method [public org.springframework.http.ResponseEntity<springfox.documentation.spring.web.json.Json> springfox.documentation.swagger2.web.Swagger2Controller.getDocumentation(java.lang.String,javax.servlet.http.HttpServletRequest)]
2019-03-19 18:55:16.011  INFO 8168 --- [main] o.s.w.s.handler.SimpleUrlHandlerMapping  : Mapped URL path [/**/favicon.ico] onto handler of type [class org.springframework.web.servlet.resource.ResourceHttpRequestHandler]
2019-03-19 18:55:16.261  INFO 8168 --- [main] s.w.s.m.m.a.RequestMappingHandlerAdapter : Looking for @ControllerAdvice: org.springframework.boot.web.servlet.context.AnnotationConfigServletWebServerApplicationContext@52815fa3: startup date [Tue Mar 19 18:55:11 CST 2019]; root of context hierarchy
2019-03-19 18:55:16.339  INFO 8168 --- [main] o.s.w.s.handler.SimpleUrlHandlerMapping  : Mapped URL path [/webjars/**] onto handler of type [class org.springframework.web.servlet.resource.ResourceHttpRequestHandler]
2019-03-19 18:55:16.339  INFO 8168 --- [main] o.s.w.s.handler.SimpleUrlHandlerMapping  : Mapped URL path [/**] onto handler of type [class org.springframework.web.servlet.resource.ResourceHttpRequestHandler]
2019-03-19 18:55:16.370  INFO 8168 --- [main] .m.m.a.ExceptionHandlerExceptionResolver : Detected @ExceptionHandler methods in appealTemplateAction
2019-03-19 18:55:16.370  INFO 8168 --- [main] .m.m.a.ExceptionHandlerExceptionResolver : Detected @ExceptionHandler methods in assessmentAction
2019-03-19 18:55:16.370  INFO 8168 --- [main] .m.m.a.ExceptionHandlerExceptionResolver : Detected @ExceptionHandler methods in chargeBillAction
2019-03-19 18:55:16.370  INFO 8168 --- [main] .m.m.a.ExceptionHandlerExceptionResolver : Detected @ExceptionHandler methods in chargeBillAnalysisAction
2019-03-19 18:55:16.370  INFO 8168 --- [main] .m.m.a.ExceptionHandlerExceptionResolver : Detected @ExceptionHandler methods in chargeBillCollectAction
2019-03-19 18:55:16.370  INFO 8168 --- [main] .m.m.a.ExceptionHandlerExceptionResolver : Detected @ExceptionHandler methods in chargeBillDetailAction
2019-03-19 18:55:16.370  INFO 8168 --- [main] .m.m.a.ExceptionHandlerExceptionResolver : Detected @ExceptionHandler methods in commonAction
2019-03-19 18:55:16.370  INFO 8168 --- [main] .m.m.a.ExceptionHandlerExceptionResolver : Detected @ExceptionHandler methods in importRecordAction
2019-03-19 18:55:16.370  INFO 8168 --- [main] .m.m.a.ExceptionHandlerExceptionResolver : Detected @ExceptionHandler methods in demoAction
2019-03-19 18:55:16.370  INFO 8168 --- [main] .m.m.a.ExceptionHandlerExceptionResolver : Detected @ExceptionHandler methods in loginAction
2019-03-19 18:55:16.370  INFO 8168 --- [main] .m.m.a.ExceptionHandlerExceptionResolver : Detected @ExceptionHandler methods in userAction
2019-03-19 18:55:16.370  INFO 8168 --- [main] .m.m.a.ExceptionHandlerExceptionResolver : Detected @ExceptionHandler methods in baseAction
2019-03-19 18:55:16.370  INFO 8168 --- [main] .m.m.a.ExceptionHandlerExceptionResolver : Detected @ExceptionHandler methods in resourceAction
2019-03-19 18:55:16.933  INFO 8168 --- [main] io.lettuce.core.EpollProvider            : Starting without optional epoll library
2019-03-19 18:55:16.933  INFO 8168 --- [main] io.lettuce.core.KqueueProvider           : Starting without optional kqueue library
2019-03-19 18:55:17.716  INFO 8168 --- [main] o.s.j.e.a.AnnotationMBeanExporter        : Registering beans for JMX exposure on startup
2019-03-19 18:55:17.716  INFO 8168 --- [main] o.s.j.e.a.AnnotationMBeanExporter        : Bean with name 'dataSource' has been autodetected for JMX exposure
2019-03-19 18:55:17.716  INFO 8168 --- [main] o.s.j.e.a.AnnotationMBeanExporter        : Located MBean 'dataSource': registering with JMX server as MBean [com.zaxxer.hikari:name=dataSource,type=HikariDataSource]
2019-03-19 18:55:17.732  INFO 8168 --- [main] o.s.c.support.DefaultLifecycleProcessor  : Starting beans in phase 2147483647
2019-03-19 18:55:17.732  INFO 8168 --- [main] d.s.w.p.DocumentationPluginsBootstrapper : Context refreshed
2019-03-19 18:55:17.748  INFO 8168 --- [main] d.s.w.p.DocumentationPluginsBootstrapper : Found 1 custom documentation plugin(s)
2019-03-19 18:55:17.763  INFO 8168 --- [main] s.d.s.w.s.ApiListingReferenceScanner     : Scanning for api listing references
2019-03-19 18:55:17.919  INFO 8168 --- [main] .d.s.w.r.o.CachingOperationNameGenerator : Generating unique operation named: deleteUsingPOST_1
2019-03-19 18:55:17.919  INFO 8168 --- [main] .d.s.w.r.o.CachingOperationNameGenerator : Generating unique operation named: deleteUsingGET_1
2019-03-19 18:55:17.935  INFO 8168 --- [main] .d.s.w.r.o.CachingOperationNameGenerator : Generating unique operation named: queryUsingPOST_1
2019-03-19 18:55:17.935  INFO 8168 --- [main] .d.s.w.r.o.CachingOperationNameGenerator : Generating unique operation named: queryUsingGET_1
2019-03-19 18:55:17.966  INFO 8168 --- [main] .d.s.w.r.o.CachingOperationNameGenerator : Generating unique operation named: downloadUsingGET_1
2019-03-19 18:55:17.982  INFO 8168 --- [main] .d.s.w.r.o.CachingOperationNameGenerator : Generating unique operation named: queryUsingPOST_2
2019-03-19 18:55:17.982  INFO 8168 --- [main] .d.s.w.r.o.CachingOperationNameGenerator : Generating unique operation named: downloadUsingGET_2
2019-03-19 18:55:17.982  INFO 8168 --- [main] .d.s.w.r.o.CachingOperationNameGenerator : Generating unique operation named: downloadUsingPOST_1
2019-03-19 18:55:17.982  INFO 8168 --- [main] .d.s.w.r.o.CachingOperationNameGenerator : Generating unique operation named: queryUsingGET_2
2019-03-19 18:55:17.997  INFO 8168 --- [main] .d.s.w.r.o.CachingOperationNameGenerator : Generating unique operation named: queryUsingPOST_3
2019-03-19 18:55:18.044  INFO 8168 --- [main] s.a.ScheduledAnnotationBeanPostProcessor : No TaskScheduler/ScheduledExecutorService bean found for scheduled processing
2019-03-19 18:55:18.075  INFO 8168 --- [main] o.s.b.w.embedded.tomcat.TomcatWebServer  : Tomcat started on port(s): 8080 (http) with context path '/ida'
2019-03-19 18:55:18.091  INFO 8168 --- [main] com.firesoon.idaweb.IdaWebApplication    : Started IdaWebApplication in 7.658 seconds (JVM running for 9.115)
